2023-07-21T15:36:24.911Z [Modules] Modules initializing
2023-07-21T15:36:24.911Z [Modules] Distribution: remote
2023-07-21T15:36:24.912Z [Modules] Host updates: enabled
2023-07-21T15:36:24.912Z [Modules] Module updates: enabled
2023-07-21T15:36:24.912Z [Modules] Module install path: /home/zero/.config/discord/0.0.28/modules
2023-07-21T15:36:24.912Z [Modules] Module installed file path: /home/zero/.config/discord/0.0.28/modules/installed.json
2023-07-21T15:36:24.913Z [Modules] Module download path: /home/zero/.config/discord/0.0.28/modules/pending
2023-07-21T15:36:25.087Z [Modules] Bootstrapping...
2023-07-21T15:36:25.087Z [Modules] Installing discord_desktop_core@0 from /opt/discord/resources/bootstrap/discord_desktop_core.zip
2023-07-21T15:36:25.088Z [Modules] Failed installing discord_desktop_core@0: Error: ENOENT: no such file or directory, open '/opt/discord/resources/bootstrap/discord_desktop_core.zip'
2023-07-21T15:36:25.089Z [Modules] Installing discord_erlpack@0 from /opt/discord/resources/bootstrap/discord_erlpack.zip
2023-07-21T15:36:25.090Z [Modules] Failed installing discord_erlpack@0: Error: ENOENT: no such file or directory, open '/opt/discord/resources/bootstrap/discord_erlpack.zip'
2023-07-21T15:36:25.090Z [Modules] Installing discord_spellcheck@0 from /opt/discord/resources/bootstrap/discord_spellcheck.zip
2023-07-21T15:36:25.091Z [Modules] Failed installing discord_spellcheck@0: Error: ENOENT: no such file or directory, open '/opt/discord/resources/bootstrap/discord_spellcheck.zip'
2023-07-21T15:36:25.092Z [Modules] Installing discord_utils@0 from /opt/discord/resources/bootstrap/discord_utils.zip
2023-07-21T15:36:25.092Z [Modules] Failed installing discord_utils@0: Error: ENOENT: no such file or directory, open '/opt/discord/resources/bootstrap/discord_utils.zip'
2023-07-21T15:36:25.092Z [Modules] Installing discord_voice@0 from /opt/discord/resources/bootstrap/discord_voice.zip
2023-07-21T15:36:25.093Z [Modules] Failed installing discord_voice@0: Error: ENOENT: no such file or directory, open '/opt/discord/resources/bootstrap/discord_voice.zip'
2023-07-21T15:36:25.093Z [Modules] Finished module installations. [success: 0] [failure: 5]
2023-07-21T15:36:25.093Z [Modules] Checking for host updates.
2023-07-21T15:36:26.432Z [Modules] Host is up to date.
2023-07-21T15:36:26.432Z [Modules] Checking for module updates at https://discord.com/api/modules/stable/versions.json
2023-07-21T15:36:26.829Z [Modules] Module update available: discord_desktop_core@1 [installed: 0]
2023-07-21T15:36:26.829Z [Modules] Module update available: discord_erlpack@1 [installed: 0]
2023-07-21T15:36:26.829Z [Modules] Module update available: discord_spellcheck@1 [installed: 0]
2023-07-21T15:36:26.829Z [Modules] Module update available: discord_utils@1 [installed: 0]
2023-07-21T15:36:26.829Z [Modules] Module update available: discord_voice@1 [installed: 0]
2023-07-21T15:36:26.830Z [Modules] Fetching discord_desktop_core@1 from https://discord.com/api/modules/stable/discord_desktop_core/1
2023-07-21T15:36:26.830Z [Modules] Streaming discord_desktop_core@1 to /home/zero/.config/discord/0.0.28/modules/pending/discord_desktop_core-1.zip
2023-07-21T15:36:27.582Z [Modules] Streaming discord_desktop_core@1 to /home/zero/.config/discord/0.0.28/modules/pending/discord_desktop_core-1.zip: 1%
2023-07-21T15:36:27.609Z [Modules] Streaming discord_desktop_core@1 to /home/zero/.config/discord/0.0.28/modules/pending/discord_desktop_core-1.zip: 2%
2023-07-21T15:36:27.645Z [Modules] Streaming discord_desktop_core@1 to /home/zero/.config/discord/0.0.28/modules/pending/discord_desktop_core-1.zip: 3%
2023-07-21T15:36:27.664Z [Modules] Streaming discord_desktop_core@1 to /home/zero/.config/discord/0.0.28/modules/pending/discord_desktop_core-1.zip: 4%
2023-07-21T15:36:27.684Z [Modules] Streaming discord_desktop_core@1 to /home/zero/.config/discord/0.0.28/modules/pending/discord_desktop_core-1.zip: 5%
2023-07-21T15:36:27.711Z [Modules] Streaming discord_desktop_core@1 to /home/zero/.config/discord/0.0.28/modules/pending/discord_desktop_core-1.zip: 7%
2023-07-21T15:36:27.726Z [Modules] Streaming discord_desktop_core@1 to /home/zero/.config/discord/0.0.28/modules/pending/discord_desktop_core-1.zip: 8%
2023-07-21T15:36:27.740Z [Modules] Streaming discord_desktop_core@1 to /home/zero/.config/discord/0.0.28/modules/pending/discord_desktop_core-1.zip: 9%
2023-07-21T15:36:27.759Z [Modules] Streaming discord_desktop_core@1 to /home/zero/.config/discord/0.0.28/modules/pending/discord_desktop_core-1.zip: 11%
2023-07-21T15:36:27.764Z [Modules] Streaming discord_desktop_core@1 to /home/zero/.config/discord/0.0.28/modules/pending/discord_desktop_core-1.zip: 12%
2023-07-21T15:36:27.781Z [Modules] Streaming discord_desktop_core@1 to /home/zero/.config/discord/0.0.28/modules/pending/discord_desktop_core-1.zip: 14%
2023-07-21T15:36:27.789Z [Modules] Streaming discord_desktop_core@1 to /home/zero/.config/discord/0.0.28/modules/pending/discord_desktop_core-1.zip: 16%
2023-07-21T15:36:27.799Z [Modules] Streaming discord_desktop_core@1 to /home/zero/.config/discord/0.0.28/modules/pending/discord_desktop_core-1.zip: 17%
2023-07-21T15:36:27.807Z [Modules] Streaming discord_desktop_core@1 to /home/zero/.config/discord/0.0.28/modules/pending/discord_desktop_core-1.zip: 20%
2023-07-21T15:36:27.817Z [Modules] Streaming discord_desktop_core@1 to /home/zero/.config/discord/0.0.28/modules/pending/discord_desktop_core-1.zip: 21%
2023-07-21T15:36:27.829Z [Modules] Streaming discord_desktop_core@1 to /home/zero/.config/discord/0.0.28/modules/pending/discord_desktop_core-1.zip: 24%
2023-07-21T15:36:27.842Z [Modules] Streaming discord_desktop_core@1 to /home/zero/.config/discord/0.0.28/modules/pending/discord_desktop_core-1.zip: 27%
2023-07-21T15:36:27.856Z [Modules] Streaming discord_desktop_core@1 to /home/zero/.config/discord/0.0.28/modules/pending/discord_desktop_core-1.zip: 31%
2023-07-21T15:36:27.865Z [Modules] Streaming discord_desktop_core@1 to /home/zero/.config/discord/0.0.28/modules/pending/discord_desktop_core-1.zip: 32%
2023-07-21T15:36:27.866Z [Modules] Streaming discord_desktop_core@1 to /home/zero/.config/discord/0.0.28/modules/pending/discord_desktop_core-1.zip: 35%
2023-07-21T15:36:27.876Z [Modules] Streaming discord_desktop_core@1 to /home/zero/.config/discord/0.0.28/modules/pending/discord_desktop_core-1.zip: 39%
2023-07-21T15:36:27.889Z [Modules] Streaming discord_desktop_core@1 to /home/zero/.config/discord/0.0.28/modules/pending/discord_desktop_core-1.zip: 43%
2023-07-21T15:36:27.901Z [Modules] Streaming discord_desktop_core@1 to /home/zero/.config/discord/0.0.28/modules/pending/discord_desktop_core-1.zip: 48%
2023-07-21T15:36:27.907Z [Modules] Streaming discord_desktop_core@1 to /home/zero/.config/discord/0.0.28/modules/pending/discord_desktop_core-1.zip: 54%
2023-07-21T15:36:27.920Z [Modules] Streaming discord_desktop_core@1 to /home/zero/.config/discord/0.0.28/modules/pending/discord_desktop_core-1.zip: 58%
2023-07-21T15:36:27.937Z [Modules] Streaming discord_desktop_core@1 to /home/zero/.config/discord/0.0.28/modules/pending/discord_desktop_core-1.zip: 60%
2023-07-21T15:36:27.937Z [Modules] Streaming discord_desktop_core@1 to /home/zero/.config/discord/0.0.28/modules/pending/discord_desktop_core-1.zip: 63%
2023-07-21T15:36:27.949Z [Modules] Streaming discord_desktop_core@1 to /home/zero/.config/discord/0.0.28/modules/pending/discord_desktop_core-1.zip: 64%
2023-07-21T15:36:28.145Z [Modules] Streaming discord_desktop_core@1 to /home/zero/.config/discord/0.0.28/modules/pending/discord_desktop_core-1.zip: 67%
2023-07-21T15:36:28.164Z [Modules] Streaming discord_desktop_core@1 to /home/zero/.config/discord/0.0.28/modules/pending/discord_desktop_core-1.zip: 69%
2023-07-21T15:36:28.194Z [Modules] Streaming discord_desktop_core@1 to /home/zero/.config/discord/0.0.28/modules/pending/discord_desktop_core-1.zip: 70%
2023-07-21T15:36:28.201Z [Modules] Streaming discord_desktop_core@1 to /home/zero/.config/discord/0.0.28/modules/pending/discord_desktop_core-1.zip: 71%
2023-07-21T15:36:28.275Z [Modules] Streaming discord_desktop_core@1 to /home/zero/.config/discord/0.0.28/modules/pending/discord_desktop_core-1.zip: 72%
2023-07-21T15:36:28.289Z [Modules] Streaming discord_desktop_core@1 to /home/zero/.config/discord/0.0.28/modules/pending/discord_desktop_core-1.zip: 73%
2023-07-21T15:36:28.399Z [Modules] Streaming discord_desktop_core@1 to /home/zero/.config/discord/0.0.28/modules/pending/discord_desktop_core-1.zip: 76%
2023-07-21T15:36:28.417Z [Modules] Streaming discord_desktop_core@1 to /home/zero/.config/discord/0.0.28/modules/pending/discord_desktop_core-1.zip: 77%
2023-07-21T15:36:28.437Z [Modules] Streaming discord_desktop_core@1 to /home/zero/.config/discord/0.0.28/modules/pending/discord_desktop_core-1.zip: 78%
2023-07-21T15:36:28.517Z [Modules] Streaming discord_desktop_core@1 to /home/zero/.config/discord/0.0.28/modules/pending/discord_desktop_core-1.zip: 80%
2023-07-21T15:36:28.572Z [Modules] Streaming discord_desktop_core@1 to /home/zero/.config/discord/0.0.28/modules/pending/discord_desktop_core-1.zip: 83%
2023-07-21T15:36:28.588Z [Modules] Streaming discord_desktop_core@1 to /home/zero/.config/discord/0.0.28/modules/pending/discord_desktop_core-1.zip: 84%
2023-07-21T15:36:28.640Z [Modules] Streaming discord_desktop_core@1 to /home/zero/.config/discord/0.0.28/modules/pending/discord_desktop_core-1.zip: 87%
2023-07-21T15:36:28.722Z [Modules] Streaming discord_desktop_core@1 to /home/zero/.config/discord/0.0.28/modules/pending/discord_desktop_core-1.zip: 90%
2023-07-21T15:36:28.811Z [Modules] Streaming discord_desktop_core@1 to /home/zero/.config/discord/0.0.28/modules/pending/discord_desktop_core-1.zip: 91%
2023-07-21T15:36:28.888Z [Modules] Streaming discord_desktop_core@1 to /home/zero/.config/discord/0.0.28/modules/pending/discord_desktop_core-1.zip: 94%
2023-07-21T15:36:28.992Z [Modules] Streaming discord_desktop_core@1 to /home/zero/.config/discord/0.0.28/modules/pending/discord_desktop_core-1.zip: 97%
2023-07-21T15:36:29.000Z [Modules] Streaming discord_desktop_core@1 to /home/zero/.config/discord/0.0.28/modules/pending/discord_desktop_core-1.zip: 99%
2023-07-21T15:36:29.000Z [Modules] Streaming discord_desktop_core@1 to /home/zero/.config/discord/0.0.28/modules/pending/discord_desktop_core-1.zip: 100%
2023-07-21T15:36:29.002Z [Modules] Fetching discord_erlpack@1 from https://discord.com/api/modules/stable/discord_erlpack/1
2023-07-21T15:36:29.002Z [Modules] Streaming discord_erlpack@1 to /home/zero/.config/discord/0.0.28/modules/pending/discord_erlpack-1.zip
2023-07-21T15:36:29.538Z [Modules] Streaming discord_erlpack@1 to /home/zero/.config/discord/0.0.28/modules/pending/discord_erlpack-1.zip: 1%
2023-07-21T15:36:29.556Z [Modules] Streaming discord_erlpack@1 to /home/zero/.config/discord/0.0.28/modules/pending/discord_erlpack-1.zip: 2%
2023-07-21T15:36:29.577Z [Modules] Streaming discord_erlpack@1 to /home/zero/.config/discord/0.0.28/modules/pending/discord_erlpack-1.zip: 3%
2023-07-21T15:36:29.599Z [Modules] Streaming discord_erlpack@1 to /home/zero/.config/discord/0.0.28/modules/pending/discord_erlpack-1.zip: 4%
2023-07-21T15:36:29.616Z [Modules] Streaming discord_erlpack@1 to /home/zero/.config/discord/0.0.28/modules/pending/discord_erlpack-1.zip: 5%
2023-07-21T15:36:29.641Z [Modules] Streaming discord_erlpack@1 to /home/zero/.config/discord/0.0.28/modules/pending/discord_erlpack-1.zip: 6%
2023-07-21T15:36:29.659Z [Modules] Streaming discord_erlpack@1 to /home/zero/.config/discord/0.0.28/modules/pending/discord_erlpack-1.zip: 7%
2023-07-21T15:36:29.681Z [Modules] Streaming discord_erlpack@1 to /home/zero/.config/discord/0.0.28/modules/pending/discord_erlpack-1.zip: 8%
2023-07-21T15:36:29.698Z [Modules] Streaming discord_erlpack@1 to /home/zero/.config/discord/0.0.28/modules/pending/discord_erlpack-1.zip: 9%
2023-07-21T15:36:29.716Z [Modules] Streaming discord_erlpack@1 to /home/zero/.config/discord/0.0.28/modules/pending/discord_erlpack-1.zip: 10%
2023-07-21T15:36:29.736Z [Modules] Streaming discord_erlpack@1 to /home/zero/.config/discord/0.0.28/modules/pending/discord_erlpack-1.zip: 11%
2023-07-21T15:36:29.747Z [Modules] Streaming discord_erlpack@1 to /home/zero/.config/discord/0.0.28/modules/pending/discord_erlpack-1.zip: 12%
2023-07-21T15:36:29.767Z [Modules] Streaming discord_erlpack@1 to /home/zero/.config/discord/0.0.28/modules/pending/discord_erlpack-1.zip: 13%
2023-07-21T15:36:29.781Z [Modules] Streaming discord_erlpack@1 to /home/zero/.config/discord/0.0.28/modules/pending/discord_erlpack-1.zip: 14%
2023-07-21T15:36:29.795Z [Modules] Streaming discord_erlpack@1 to /home/zero/.config/discord/0.0.28/modules/pending/discord_erlpack-1.zip: 15%
2023-07-21T15:36:29.811Z [Modules] Streaming discord_erlpack@1 to /home/zero/.config/discord/0.0.28/modules/pending/discord_erlpack-1.zip: 16%
2023-07-21T15:36:29.826Z [Modules] Streaming discord_erlpack@1 to /home/zero/.config/discord/0.0.28/modules/pending/discord_erlpack-1.zip: 17%
2023-07-21T15:36:29.840Z [Modules] Streaming discord_erlpack@1 to /home/zero/.config/discord/0.0.28/modules/pending/discord_erlpack-1.zip: 18%
2023-07-21T15:36:29.851Z [Modules] Streaming discord_erlpack@1 to /home/zero/.config/discord/0.0.28/modules/pending/discord_erlpack-1.zip: 19%
2023-07-21T15:36:29.865Z [Modules] Streaming discord_erlpack@1 to /home/zero/.config/discord/0.0.28/modules/pending/discord_erlpack-1.zip: 20%
2023-07-21T15:36:29.879Z [Modules] Streaming discord_erlpack@1 to /home/zero/.config/discord/0.0.28/modules/pending/discord_erlpack-1.zip: 21%
2023-07-21T15:36:29.890Z [Modules] Streaming discord_erlpack@1 to /home/zero/.config/discord/0.0.28/modules/pending/discord_erlpack-1.zip: 22%
2023-07-21T15:36:29.903Z [Modules] Streaming discord_erlpack@1 to /home/zero/.config/discord/0.0.28/modules/pending/discord_erlpack-1.zip: 23%
2023-07-21T15:36:29.915Z [Modules] Streaming discord_erlpack@1 to /home/zero/.config/discord/0.0.28/modules/pending/discord_erlpack-1.zip: 24%
2023-07-21T15:36:29.927Z [Modules] Streaming discord_erlpack@1 to /home/zero/.config/discord/0.0.28/modules/pending/discord_erlpack-1.zip: 25%
2023-07-21T15:36:29.937Z [Modules] Streaming discord_erlpack@1 to /home/zero/.config/discord/0.0.28/modules/pending/discord_erlpack-1.zip: 26%
2023-07-21T15:36:29.949Z [Modules] Streaming discord_erlpack@1 to /home/zero/.config/discord/0.0.28/modules/pending/discord_erlpack-1.zip: 27%
2023-07-21T15:36:29.960Z [Modules] Streaming discord_erlpack@1 to /home/zero/.config/discord/0.0.28/modules/pending/discord_erlpack-1.zip: 28%
2023-07-21T15:36:29.971Z [Modules] Streaming discord_erlpack@1 to /home/zero/.config/discord/0.0.28/modules/pending/discord_erlpack-1.zip: 29%
2023-07-21T15:36:29.984Z [Modules] Streaming discord_erlpack@1 to /home/zero/.config/discord/0.0.28/modules/pending/discord_erlpack-1.zip: 30%
2023-07-21T15:36:30.000Z [Modules] Streaming discord_erlpack@1 to /home/zero/.config/discord/0.0.28/modules/pending/discord_erlpack-1.zip: 32%
2023-07-21T15:36:30.010Z [Modules] Streaming discord_erlpack@1 to /home/zero/.config/discord/0.0.28/modules/pending/discord_erlpack-1.zip: 33%
2023-07-21T15:36:30.023Z [Modules] Streaming discord_erlpack@1 to /home/zero/.config/discord/0.0.28/modules/pending/discord_erlpack-1.zip: 34%
2023-07-21T15:36:30.029Z [Modules] Streaming discord_erlpack@1 to /home/zero/.config/discord/0.0.28/modules/pending/discord_erlpack-1.zip: 35%
2023-07-21T15:36:30.040Z [Modules] Streaming discord_erlpack@1 to /home/zero/.config/discord/0.0.28/modules/pending/discord_erlpack-1.zip: 36%
2023-07-21T15:36:30.047Z [Modules] Streaming discord_erlpack@1 to /home/zero/.config/discord/0.0.28/modules/pending/discord_erlpack-1.zip: 37%
2023-07-21T15:36:30.057Z [Modules] Streaming discord_erlpack@1 to /home/zero/.config/discord/0.0.28/modules/pending/discord_erlpack-1.zip: 38%
2023-07-21T15:36:30.064Z [Modules] Streaming discord_erlpack@1 to /home/zero/.config/discord/0.0.28/modules/pending/discord_erlpack-1.zip: 39%
2023-07-21T15:36:30.074Z [Modules] Streaming discord_erlpack@1 to /home/zero/.config/discord/0.0.28/modules/pending/discord_erlpack-1.zip: 40%
2023-07-21T15:36:30.082Z [Modules] Streaming discord_erlpack@1 to /home/zero/.config/discord/0.0.28/modules/pending/discord_erlpack-1.zip: 41%
2023-07-21T15:36:30.090Z [Modules] Streaming discord_erlpack@1 to /home/zero/.config/discord/0.0.28/modules/pending/discord_erlpack-1.zip: 42%
2023-07-21T15:36:30.098Z [Modules] Streaming discord_erlpack@1 to /home/zero/.config/discord/0.0.28/modules/pending/discord_erlpack-1.zip: 43%
2023-07-21T15:36:30.109Z [Modules] Streaming discord_erlpack@1 to /home/zero/.config/discord/0.0.28/modules/pending/discord_erlpack-1.zip: 44%
2023-07-21T15:36:30.114Z [Modules] Streaming discord_erlpack@1 to /home/zero/.config/discord/0.0.28/modules/pending/discord_erlpack-1.zip: 45%
2023-07-21T15:36:30.121Z [Modules] Streaming discord_erlpack@1 to /home/zero/.config/discord/0.0.28/modules/pending/discord_erlpack-1.zip: 46%
2023-07-21T15:36:30.129Z [Modules] Streaming discord_erlpack@1 to /home/zero/.config/discord/0.0.28/modules/pending/discord_erlpack-1.zip: 47%
2023-07-21T15:36:30.144Z [Modules] Streaming discord_erlpack@1 to /home/zero/.config/discord/0.0.28/modules/pending/discord_erlpack-1.zip: 48%
2023-07-21T15:36:30.153Z [Modules] Streaming discord_erlpack@1 to /home/zero/.config/discord/0.0.28/modules/pending/discord_erlpack-1.zip: 49%
2023-07-21T15:36:30.165Z [Modules] Streaming discord_erlpack@1 to /home/zero/.config/discord/0.0.28/modules/pending/discord_erlpack-1.zip: 51%
2023-07-21T15:36:30.369Z [Modules] Streaming discord_erlpack@1 to /home/zero/.config/discord/0.0.28/modules/pending/discord_erlpack-1.zip: 52%
2023-07-21T15:36:30.516Z [Modules] Streaming discord_erlpack@1 to /home/zero/.config/discord/0.0.28/modules/pending/discord_erlpack-1.zip: 53%
2023-07-21T15:36:30.524Z [Modules] Streaming discord_erlpack@1 to /home/zero/.config/discord/0.0.28/modules/pending/discord_erlpack-1.zip: 54%
2023-07-21T15:36:30.609Z [Modules] Streaming discord_erlpack@1 to /home/zero/.config/discord/0.0.28/modules/pending/discord_erlpack-1.zip: 58%
2023-07-21T15:36:30.621Z [Modules] Streaming discord_erlpack@1 to /home/zero/.config/discord/0.0.28/modules/pending/discord_erlpack-1.zip: 61%
2023-07-21T15:36:30.704Z [Modules] Streaming discord_erlpack@1 to /home/zero/.config/discord/0.0.28/modules/pending/discord_erlpack-1.zip: 65%
2023-07-21T15:36:30.716Z [Modules] Streaming discord_erlpack@1 to /home/zero/.config/discord/0.0.28/modules/pending/discord_erlpack-1.zip: 67%
2023-07-21T15:36:30.858Z [Modules] Streaming discord_erlpack@1 to /home/zero/.config/discord/0.0.28/modules/pending/discord_erlpack-1.zip: 71%
2023-07-21T15:36:30.872Z [Modules] Streaming discord_erlpack@1 to /home/zero/.config/discord/0.0.28/modules/pending/discord_erlpack-1.zip: 75%
2023-07-21T15:36:31.082Z [Modules] Streaming discord_erlpack@1 to /home/zero/.config/discord/0.0.28/modules/pending/discord_erlpack-1.zip: 79%
2023-07-21T15:36:31.092Z [Modules] Streaming discord_erlpack@1 to /home/zero/.config/discord/0.0.28/modules/pending/discord_erlpack-1.zip: 80%
2023-07-21T15:36:31.092Z [Modules] Streaming discord_erlpack@1 to /home/zero/.config/discord/0.0.28/modules/pending/discord_erlpack-1.zip: 84%
2023-07-21T15:36:31.109Z [Modules] Streaming discord_erlpack@1 to /home/zero/.config/discord/0.0.28/modules/pending/discord_erlpack-1.zip: 85%
2023-07-21T15:36:31.110Z [Modules] Streaming discord_erlpack@1 to /home/zero/.config/discord/0.0.28/modules/pending/discord_erlpack-1.zip: 89%
2023-07-21T15:36:31.121Z [Modules] Streaming discord_erlpack@1 to /home/zero/.config/discord/0.0.28/modules/pending/discord_erlpack-1.zip: 91%
2023-07-21T15:36:31.150Z [Modules] Streaming discord_erlpack@1 to /home/zero/.config/discord/0.0.28/modules/pending/discord_erlpack-1.zip: 94%
2023-07-21T15:36:31.166Z [Modules] Streaming discord_erlpack@1 to /home/zero/.config/discord/0.0.28/modules/pending/discord_erlpack-1.zip: 95%
2023-07-21T15:36:31.186Z [Modules] Streaming discord_erlpack@1 to /home/zero/.config/discord/0.0.28/modules/pending/discord_erlpack-1.zip: 96%
2023-07-21T15:36:31.213Z [Modules] Streaming discord_erlpack@1 to /home/zero/.config/discord/0.0.28/modules/pending/discord_erlpack-1.zip: 97%
2023-07-21T15:36:31.235Z [Modules] Streaming discord_erlpack@1 to /home/zero/.config/discord/0.0.28/modules/pending/discord_erlpack-1.zip: 98%
2023-07-21T15:36:31.278Z [Modules] Streaming discord_erlpack@1 to /home/zero/.config/discord/0.0.28/modules/pending/discord_erlpack-1.zip: 100%
2023-07-21T15:36:31.279Z [Modules] Fetching discord_spellcheck@1 from https://discord.com/api/modules/stable/discord_spellcheck/1
2023-07-21T15:36:31.279Z [Modules] Streaming discord_spellcheck@1 to /home/zero/.config/discord/0.0.28/modules/pending/discord_spellcheck-1.zip
2023-07-21T15:36:31.941Z [Modules] Streaming discord_spellcheck@1 to /home/zero/.config/discord/0.0.28/modules/pending/discord_spellcheck-1.zip: 1%
2023-07-21T15:36:32.078Z [Modules] Streaming discord_spellcheck@1 to /home/zero/.config/discord/0.0.28/modules/pending/discord_spellcheck-1.zip: 2%
2023-07-21T15:36:32.215Z [Modules] Streaming discord_spellcheck@1 to /home/zero/.config/discord/0.0.28/modules/pending/discord_spellcheck-1.zip: 3%
2023-07-21T15:36:32.358Z [Modules] Streaming discord_spellcheck@1 to /home/zero/.config/discord/0.0.28/modules/pending/discord_spellcheck-1.zip: 4%
2023-07-21T15:36:32.514Z [Modules] Streaming discord_spellcheck@1 to /home/zero/.config/discord/0.0.28/modules/pending/discord_spellcheck-1.zip: 5%
2023-07-21T15:36:32.655Z [Modules] Streaming discord_spellcheck@1 to /home/zero/.config/discord/0.0.28/modules/pending/discord_spellcheck-1.zip: 6%
2023-07-21T15:36:32.883Z [Modules] Streaming discord_spellcheck@1 to /home/zero/.config/discord/0.0.28/modules/pending/discord_spellcheck-1.zip: 7%
2023-07-21T15:36:32.942Z [Modules] Streaming discord_spellcheck@1 to /home/zero/.config/discord/0.0.28/modules/pending/discord_spellcheck-1.zip: 8%
2023-07-21T15:36:33.075Z [Modules] Streaming discord_spellcheck@1 to /home/zero/.config/discord/0.0.28/modules/pending/discord_spellcheck-1.zip: 9%
2023-07-21T15:36:33.217Z [Modules] Streaming discord_spellcheck@1 to /home/zero/.config/discord/0.0.28/modules/pending/discord_spellcheck-1.zip: 10%
2023-07-21T15:36:33.378Z [Modules] Streaming discord_spellcheck@1 to /home/zero/.config/discord/0.0.28/modules/pending/discord_spellcheck-1.zip: 11%
2023-07-21T15:36:33.518Z [Modules] Streaming discord_spellcheck@1 to /home/zero/.config/discord/0.0.28/modules/pending/discord_spellcheck-1.zip: 12%
2023-07-21T15:36:33.654Z [Modules] Streaming discord_spellcheck@1 to /home/zero/.config/discord/0.0.28/modules/pending/discord_spellcheck-1.zip: 13%
2023-07-21T15:36:33.789Z [Modules] Streaming discord_spellcheck@1 to /home/zero/.config/discord/0.0.28/modules/pending/discord_spellcheck-1.zip: 14%
2023-07-21T15:36:33.926Z [Modules] Streaming discord_spellcheck@1 to /home/zero/.config/discord/0.0.28/modules/pending/discord_spellcheck-1.zip: 15%
2023-07-21T15:36:34.067Z [Modules] Streaming discord_spellcheck@1 to /home/zero/.config/discord/0.0.28/modules/pending/discord_spellcheck-1.zip: 16%
2023-07-21T15:36:34.229Z [Modules] Streaming discord_spellcheck@1 to /home/zero/.config/discord/0.0.28/modules/pending/discord_spellcheck-1.zip: 17%
2023-07-21T15:36:34.364Z [Modules] Streaming discord_spellcheck@1 to /home/zero/.config/discord/0.0.28/modules/pending/discord_spellcheck-1.zip: 18%
2023-07-21T15:36:34.501Z [Modules] Streaming discord_spellcheck@1 to /home/zero/.config/discord/0.0.28/modules/pending/discord_spellcheck-1.zip: 19%
2023-07-21T15:36:34.638Z [Modules] Streaming discord_spellcheck@1 to /home/zero/.config/discord/0.0.28/modules/pending/discord_spellcheck-1.zip: 20%
2023-07-21T15:36:34.779Z [Modules] Streaming discord_spellcheck@1 to /home/zero/.config/discord/0.0.28/modules/pending/discord_spellcheck-1.zip: 21%
2023-07-21T15:36:34.954Z [Modules] Streaming discord_spellcheck@1 to /home/zero/.config/discord/0.0.28/modules/pending/discord_spellcheck-1.zip: 22%
2023-07-21T15:36:35.078Z [Modules] Streaming discord_spellcheck@1 to /home/zero/.config/discord/0.0.28/modules/pending/discord_spellcheck-1.zip: 23%
2023-07-21T15:36:35.218Z [Modules] Streaming discord_spellcheck@1 to /home/zero/.config/discord/0.0.28/modules/pending/discord_spellcheck-1.zip: 24%
2023-07-21T15:36:35.327Z [Modules] Streaming discord_spellcheck@1 to /home/zero/.config/discord/0.0.28/modules/pending/discord_spellcheck-1.zip: 25%
2023-07-21T15:36:35.430Z [Modules] Streaming discord_spellcheck@1 to /home/zero/.config/discord/0.0.28/modules/pending/discord_spellcheck-1.zip: 26%
2023-07-21T15:36:35.498Z [Modules] Streaming discord_spellcheck@1 to /home/zero/.config/discord/0.0.28/modules/pending/discord_spellcheck-1.zip: 27%
2023-07-21T15:36:35.594Z [Modules] Streaming discord_spellcheck@1 to /home/zero/.config/discord/0.0.28/modules/pending/discord_spellcheck-1.zip: 28%
2023-07-21T15:36:35.672Z [Modules] Streaming discord_spellcheck@1 to /home/zero/.config/discord/0.0.28/modules/pending/discord_spellcheck-1.zip: 29%
2023-07-21T15:36:35.751Z [Modules] Streaming discord_spellcheck@1 to /home/zero/.config/discord/0.0.28/modules/pending/discord_spellcheck-1.zip: 30%
2023-07-21T15:36:35.828Z [Modules] Streaming discord_spellcheck@1 to /home/zero/.config/discord/0.0.28/modules/pending/discord_spellcheck-1.zip: 31%
2023-07-21T15:36:35.905Z [Modules] Streaming discord_spellcheck@1 to /home/zero/.config/discord/0.0.28/modules/pending/discord_spellcheck-1.zip: 32%
2023-07-21T15:36:36.101Z [Modules] Streaming discord_spellcheck@1 to /home/zero/.config/discord/0.0.28/modules/pending/discord_spellcheck-1.zip: 33%
2023-07-21T15:36:36.635Z [Modules] Streaming discord_spellcheck@1 to /home/zero/.config/discord/0.0.28/modules/pending/discord_spellcheck-1.zip: 34%
2023-07-21T15:36:36.674Z [Modules] Streaming discord_spellcheck@1 to /home/zero/.config/discord/0.0.28/modules/pending/discord_spellcheck-1.zip: 35%
2023-07-21T15:36:36.690Z [Modules] Streaming discord_spellcheck@1 to /home/zero/.config/discord/0.0.28/modules/pending/discord_spellcheck-1.zip: 37%
2023-07-21T15:36:36.707Z [Modules] Streaming discord_spellcheck@1 to /home/zero/.config/discord/0.0.28/modules/pending/discord_spellcheck-1.zip: 38%
2023-07-21T15:36:36.847Z [Modules] Streaming discord_spellcheck@1 to /home/zero/.config/discord/0.0.28/modules/pending/discord_spellcheck-1.zip: 39%
2023-07-21T15:36:37.053Z [Modules] Streaming discord_spellcheck@1 to /home/zero/.config/discord/0.0.28/modules/pending/discord_spellcheck-1.zip: 40%
2023-07-21T15:36:37.130Z [Modules] Streaming discord_spellcheck@1 to /home/zero/.config/discord/0.0.28/modules/pending/discord_spellcheck-1.zip: 41%
2023-07-21T15:36:37.267Z [Modules] Streaming discord_spellcheck@1 to /home/zero/.config/discord/0.0.28/modules/pending/discord_spellcheck-1.zip: 42%
2023-07-21T15:36:37.404Z [Modules] Streaming discord_spellcheck@1 to /home/zero/.config/discord/0.0.28/modules/pending/discord_spellcheck-1.zip: 43%
2023-07-21T15:36:37.565Z [Modules] Streaming discord_spellcheck@1 to /home/zero/.config/discord/0.0.28/modules/pending/discord_spellcheck-1.zip: 44%
2023-07-21T15:36:37.704Z [Modules] Streaming discord_spellcheck@1 to /home/zero/.config/discord/0.0.28/modules/pending/discord_spellcheck-1.zip: 45%
2023-07-21T15:36:37.846Z [Modules] Streaming discord_spellcheck@1 to /home/zero/.config/discord/0.0.28/modules/pending/discord_spellcheck-1.zip: 46%
2023-07-21T15:36:37.982Z [Modules] Streaming discord_spellcheck@1 to /home/zero/.config/discord/0.0.28/modules/pending/discord_spellcheck-1.zip: 47%
2023-07-21T15:36:38.118Z [Modules] Streaming discord_spellcheck@1 to /home/zero/.config/discord/0.0.28/modules/pending/discord_spellcheck-1.zip: 48%
2023-07-21T15:36:38.430Z [Modules] Streaming discord_spellcheck@1 to /home/zero/.config/discord/0.0.28/modules/pending/discord_spellcheck-1.zip: 49%
2023-07-21T15:36:38.652Z [Modules] Streaming discord_spellcheck@1 to /home/zero/.config/discord/0.0.28/modules/pending/discord_spellcheck-1.zip: 50%
2023-07-21T15:36:38.792Z [Modules] Streaming discord_spellcheck@1 to /home/zero/.config/discord/0.0.28/modules/pending/discord_spellcheck-1.zip: 51%
2023-07-21T15:36:38.927Z [Modules] Streaming discord_spellcheck@1 to /home/zero/.config/discord/0.0.28/modules/pending/discord_spellcheck-1.zip: 52%
2023-07-21T15:36:39.065Z [Modules] Streaming discord_spellcheck@1 to /home/zero/.config/discord/0.0.28/modules/pending/discord_spellcheck-1.zip: 53%
2023-07-21T15:36:39.202Z [Modules] Streaming discord_spellcheck@1 to /home/zero/.config/discord/0.0.28/modules/pending/discord_spellcheck-1.zip: 54%
2023-07-21T15:36:39.364Z [Modules] Streaming discord_spellcheck@1 to /home/zero/.config/discord/0.0.28/modules/pending/discord_spellcheck-1.zip: 55%
2023-07-21T15:36:39.501Z [Modules] Streaming discord_spellcheck@1 to /home/zero/.config/discord/0.0.28/modules/pending/discord_spellcheck-1.zip: 56%
2023-07-21T15:36:39.642Z [Modules] Streaming discord_spellcheck@1 to /home/zero/.config/discord/0.0.28/modules/pending/discord_spellcheck-1.zip: 57%
2023-07-21T15:36:39.779Z [Modules] Streaming discord_spellcheck@1 to /home/zero/.config/discord/0.0.28/modules/pending/discord_spellcheck-1.zip: 58%
2023-07-21T15:36:39.916Z [Modules] Streaming discord_spellcheck@1 to /home/zero/.config/discord/0.0.28/modules/pending/discord_spellcheck-1.zip: 59%
2023-07-21T15:36:40.053Z [Modules] Streaming discord_spellcheck@1 to /home/zero/.config/discord/0.0.28/modules/pending/discord_spellcheck-1.zip: 60%
2023-07-21T15:36:40.215Z [Modules] Streaming discord_spellcheck@1 to /home/zero/.config/discord/0.0.28/modules/pending/discord_spellcheck-1.zip: 61%
2023-07-21T15:36:40.357Z [Modules] Streaming discord_spellcheck@1 to /home/zero/.config/discord/0.0.28/modules/pending/discord_spellcheck-1.zip: 62%
2023-07-21T15:36:40.497Z [Modules] Streaming discord_spellcheck@1 to /home/zero/.config/discord/0.0.28/modules/pending/discord_spellcheck-1.zip: 63%
2023-07-21T15:36:40.602Z [Modules] Streaming discord_spellcheck@1 to /home/zero/.config/discord/0.0.28/modules/pending/discord_spellcheck-1.zip: 64%
2023-07-21T15:36:40.691Z [Modules] Streaming discord_spellcheck@1 to /home/zero/.config/discord/0.0.28/modules/pending/discord_spellcheck-1.zip: 65%
2023-07-21T15:36:40.769Z [Modules] Streaming discord_spellcheck@1 to /home/zero/.config/discord/0.0.28/modules/pending/discord_spellcheck-1.zip: 66%
2023-07-21T15:36:40.849Z [Modules] Streaming discord_spellcheck@1 to /home/zero/.config/discord/0.0.28/modules/pending/discord_spellcheck-1.zip: 67%
2023-07-21T15:36:41.021Z [Modules] Streaming discord_spellcheck@1 to /home/zero/.config/discord/0.0.28/modules/pending/discord_spellcheck-1.zip: 68%
2023-07-21T15:36:41.392Z [Modules] Streaming discord_spellcheck@1 to /home/zero/.config/discord/0.0.28/modules/pending/discord_spellcheck-1.zip: 69%
2023-07-21T15:36:41.523Z [Modules] Streaming discord_spellcheck@1 to /home/zero/.config/discord/0.0.28/modules/pending/discord_spellcheck-1.zip: 70%
2023-07-21T15:36:41.593Z [Modules] Streaming discord_spellcheck@1 to /home/zero/.config/discord/0.0.28/modules/pending/discord_spellcheck-1.zip: 71%
2023-07-21T15:36:41.609Z [Modules] Streaming discord_spellcheck@1 to /home/zero/.config/discord/0.0.28/modules/pending/discord_spellcheck-1.zip: 72%
2023-07-21T15:36:41.664Z [Modules] Streaming discord_spellcheck@1 to /home/zero/.config/discord/0.0.28/modules/pending/discord_spellcheck-1.zip: 73%
2023-07-21T15:36:41.851Z [Modules] Streaming discord_spellcheck@1 to /home/zero/.config/discord/0.0.28/modules/pending/discord_spellcheck-1.zip: 74%
2023-07-21T15:36:42.016Z [Modules] Streaming discord_spellcheck@1 to /home/zero/.config/discord/0.0.28/modules/pending/discord_spellcheck-1.zip: 75%
2023-07-21T15:36:42.150Z [Modules] Streaming discord_spellcheck@1 to /home/zero/.config/discord/0.0.28/modules/pending/discord_spellcheck-1.zip: 76%
2023-07-21T15:36:42.239Z [Modules] Streaming discord_spellcheck@1 to /home/zero/.config/discord/0.0.28/modules/pending/discord_spellcheck-1.zip: 77%
2023-07-21T15:36:42.420Z [Modules] Streaming discord_spellcheck@1 to /home/zero/.config/discord/0.0.28/modules/pending/discord_spellcheck-1.zip: 78%
2023-07-21T15:36:42.558Z [Modules] Streaming discord_spellcheck@1 to /home/zero/.config/discord/0.0.28/modules/pending/discord_spellcheck-1.zip: 79%
2023-07-21T15:36:42.699Z [Modules] Streaming discord_spellcheck@1 to /home/zero/.config/discord/0.0.28/modules/pending/discord_spellcheck-1.zip: 80%
2023-07-21T15:36:42.840Z [Modules] Streaming discord_spellcheck@1 to /home/zero/.config/discord/0.0.28/modules/pending/discord_spellcheck-1.zip: 81%
2023-07-21T15:36:42.978Z [Modules] Streaming discord_spellcheck@1 to /home/zero/.config/discord/0.0.28/modules/pending/discord_spellcheck-1.zip: 82%
2023-07-21T15:36:43.141Z [Modules] Streaming discord_spellcheck@1 to /home/zero/.config/discord/0.0.28/modules/pending/discord_spellcheck-1.zip: 83%
2023-07-21T15:36:43.281Z [Modules] Streaming discord_spellcheck@1 to /home/zero/.config/discord/0.0.28/modules/pending/discord_spellcheck-1.zip: 84%
2023-07-21T15:36:43.418Z [Modules] Streaming discord_spellcheck@1 to /home/zero/.config/discord/0.0.28/modules/pending/discord_spellcheck-1.zip: 85%
2023-07-21T15:36:43.561Z [Modules] Streaming discord_spellcheck@1 to /home/zero/.config/discord/0.0.28/modules/pending/discord_spellcheck-1.zip: 86%
2023-07-21T15:36:43.700Z [Modules] Streaming discord_spellcheck@1 to /home/zero/.config/discord/0.0.28/modules/pending/discord_spellcheck-1.zip: 87%
2023-07-21T15:36:43.839Z [Modules] Streaming discord_spellcheck@1 to /home/zero/.config/discord/0.0.28/modules/pending/discord_spellcheck-1.zip: 88%
2023-07-21T15:36:44.001Z [Modules] Streaming discord_spellcheck@1 to /home/zero/.config/discord/0.0.28/modules/pending/discord_spellcheck-1.zip: 89%
2023-07-21T15:36:44.141Z [Modules] Streaming discord_spellcheck@1 to /home/zero/.config/discord/0.0.28/modules/pending/discord_spellcheck-1.zip: 90%
2023-07-21T15:36:44.333Z [Modules] Streaming discord_spellcheck@1 to /home/zero/.config/discord/0.0.28/modules/pending/discord_spellcheck-1.zip: 91%
2023-07-21T15:36:44.452Z [Modules] Streaming discord_spellcheck@1 to /home/zero/.config/discord/0.0.28/modules/pending/discord_spellcheck-1.zip: 92%
2023-07-21T15:36:44.591Z [Modules] Streaming discord_spellcheck@1 to /home/zero/.config/discord/0.0.28/modules/pending/discord_spellcheck-1.zip: 93%
2023-07-21T15:36:44.754Z [Modules] Streaming discord_spellcheck@1 to /home/zero/.config/discord/0.0.28/modules/pending/discord_spellcheck-1.zip: 94%
2023-07-21T15:36:44.895Z [Modules] Streaming discord_spellcheck@1 to /home/zero/.config/discord/0.0.28/modules/pending/discord_spellcheck-1.zip: 95%
2023-07-21T15:36:45.036Z [Modules] Streaming discord_spellcheck@1 to /home/zero/.config/discord/0.0.28/modules/pending/discord_spellcheck-1.zip: 96%
2023-07-21T15:36:45.172Z [Modules] Streaming discord_spellcheck@1 to /home/zero/.config/discord/0.0.28/modules/pending/discord_spellcheck-1.zip: 97%
2023-07-21T15:36:45.312Z [Modules] Streaming discord_spellcheck@1 to /home/zero/.config/discord/0.0.28/modules/pending/discord_spellcheck-1.zip: 98%
2023-07-21T15:36:45.448Z [Modules] Streaming discord_spellcheck@1 to /home/zero/.config/discord/0.0.28/modules/pending/discord_spellcheck-1.zip: 99%
2023-07-21T15:36:45.585Z [Modules] Streaming discord_spellcheck@1 to /home/zero/.config/discord/0.0.28/modules/pending/discord_spellcheck-1.zip: 100%
2023-07-21T15:36:45.586Z [Modules] Fetching discord_utils@1 from https://discord.com/api/modules/stable/discord_utils/1
2023-07-21T15:36:45.587Z [Modules] Streaming discord_utils@1 to /home/zero/.config/discord/0.0.28/modules/pending/discord_utils-1.zip
2023-07-21T15:36:46.253Z [Modules] Streaming discord_utils@1 to /home/zero/.config/discord/0.0.28/modules/pending/discord_utils-1.zip: 1%
2023-07-21T15:36:46.288Z [Modules] Streaming discord_utils@1 to /home/zero/.config/discord/0.0.28/modules/pending/discord_utils-1.zip: 2%
2023-07-21T15:36:46.317Z [Modules] Streaming discord_utils@1 to /home/zero/.config/discord/0.0.28/modules/pending/discord_utils-1.zip: 3%
2023-07-21T15:36:46.350Z [Modules] Streaming discord_utils@1 to /home/zero/.config/discord/0.0.28/modules/pending/discord_utils-1.zip: 4%
2023-07-21T15:36:46.379Z [Modules] Streaming discord_utils@1 to /home/zero/.config/discord/0.0.28/modules/pending/discord_utils-1.zip: 5%
2023-07-21T15:36:46.405Z [Modules] Streaming discord_utils@1 to /home/zero/.config/discord/0.0.28/modules/pending/discord_utils-1.zip: 6%
2023-07-21T15:36:46.433Z [Modules] Streaming discord_utils@1 to /home/zero/.config/discord/0.0.28/modules/pending/discord_utils-1.zip: 7%
2023-07-21T15:36:46.443Z [Modules] Streaming discord_utils@1 to /home/zero/.config/discord/0.0.28/modules/pending/discord_utils-1.zip: 8%
2023-07-21T15:36:46.480Z [Modules] Streaming discord_utils@1 to /home/zero/.config/discord/0.0.28/modules/pending/discord_utils-1.zip: 9%
2023-07-21T15:36:46.491Z [Modules] Streaming discord_utils@1 to /home/zero/.config/discord/0.0.28/modules/pending/discord_utils-1.zip: 10%
2023-07-21T15:36:46.513Z [Modules] Streaming discord_utils@1 to /home/zero/.config/discord/0.0.28/modules/pending/discord_utils-1.zip: 11%
2023-07-21T15:36:46.536Z [Modules] Streaming discord_utils@1 to /home/zero/.config/discord/0.0.28/modules/pending/discord_utils-1.zip: 12%
2023-07-21T15:36:46.554Z [Modules] Streaming discord_utils@1 to /home/zero/.config/discord/0.0.28/modules/pending/discord_utils-1.zip: 13%
2023-07-21T15:36:46.567Z [Modules] Streaming discord_utils@1 to /home/zero/.config/discord/0.0.28/modules/pending/discord_utils-1.zip: 14%
2023-07-21T15:36:46.582Z [Modules] Streaming discord_utils@1 to /home/zero/.config/discord/0.0.28/modules/pending/discord_utils-1.zip: 15%
2023-07-21T15:36:46.602Z [Modules] Streaming discord_utils@1 to /home/zero/.config/discord/0.0.28/modules/pending/discord_utils-1.zip: 16%
2023-07-21T15:36:46.619Z [Modules] Streaming discord_utils@1 to /home/zero/.config/discord/0.0.28/modules/pending/discord_utils-1.zip: 17%
2023-07-21T15:36:46.637Z [Modules] Streaming discord_utils@1 to /home/zero/.config/discord/0.0.28/modules/pending/discord_utils-1.zip: 18%
2023-07-21T15:36:46.654Z [Modules] Streaming discord_utils@1 to /home/zero/.config/discord/0.0.28/modules/pending/discord_utils-1.zip: 19%
2023-07-21T15:36:46.664Z [Modules] Streaming discord_utils@1 to /home/zero/.config/discord/0.0.28/modules/pending/discord_utils-1.zip: 20%
2023-07-21T15:36:46.680Z [Modules] Streaming discord_utils@1 to /home/zero/.config/discord/0.0.28/modules/pending/discord_utils-1.zip: 21%
2023-07-21T15:36:46.697Z [Modules] Streaming discord_utils@1 to /home/zero/.config/discord/0.0.28/modules/pending/discord_utils-1.zip: 22%
2023-07-21T15:36:46.713Z [Modules] Streaming discord_utils@1 to /home/zero/.config/discord/0.0.28/modules/pending/discord_utils-1.zip: 23%
2023-07-21T15:36:46.730Z [Modules] Streaming discord_utils@1 to /home/zero/.config/discord/0.0.28/modules/pending/discord_utils-1.zip: 24%
2023-07-21T15:36:46.742Z [Modules] Streaming discord_utils@1 to /home/zero/.config/discord/0.0.28/modules/pending/discord_utils-1.zip: 25%
2023-07-21T15:36:46.751Z [Modules] Streaming discord_utils@1 to /home/zero/.config/discord/0.0.28/modules/pending/discord_utils-1.zip: 26%
2023-07-21T15:36:46.766Z [Modules] Streaming discord_utils@1 to /home/zero/.config/discord/0.0.28/modules/pending/discord_utils-1.zip: 27%
2023-07-21T15:36:46.781Z [Modules] Streaming discord_utils@1 to /home/zero/.config/discord/0.0.28/modules/pending/discord_utils-1.zip: 28%
2023-07-21T15:36:46.806Z [Modules] Streaming discord_utils@1 to /home/zero/.config/discord/0.0.28/modules/pending/discord_utils-1.zip: 29%
2023-07-21T15:36:46.949Z [Modules] Streaming discord_utils@1 to /home/zero/.config/discord/0.0.28/modules/pending/discord_utils-1.zip: 31%
2023-07-21T15:36:46.964Z [Modules] Streaming discord_utils@1 to /home/zero/.config/discord/0.0.28/modules/pending/discord_utils-1.zip: 32%
2023-07-21T15:36:47.056Z [Modules] Streaming discord_utils@1 to /home/zero/.config/discord/0.0.28/modules/pending/discord_utils-1.zip: 33%
2023-07-21T15:36:47.073Z [Modules] Streaming discord_utils@1 to /home/zero/.config/discord/0.0.28/modules/pending/discord_utils-1.zip: 35%
2023-07-21T15:36:47.300Z [Modules] Streaming discord_utils@1 to /home/zero/.config/discord/0.0.28/modules/pending/discord_utils-1.zip: 36%
2023-07-21T15:36:47.361Z [Modules] Streaming discord_utils@1 to /home/zero/.config/discord/0.0.28/modules/pending/discord_utils-1.zip: 37%
2023-07-21T15:36:47.460Z [Modules] Streaming discord_utils@1 to /home/zero/.config/discord/0.0.28/modules/pending/discord_utils-1.zip: 39%
2023-07-21T15:36:47.502Z [Modules] Streaming discord_utils@1 to /home/zero/.config/discord/0.0.28/modules/pending/discord_utils-1.zip: 41%
2023-07-21T15:36:47.507Z [Modules] Streaming discord_utils@1 to /home/zero/.config/discord/0.0.28/modules/pending/discord_utils-1.zip: 43%
2023-07-21T15:36:47.523Z [Modules] Streaming discord_utils@1 to /home/zero/.config/discord/0.0.28/modules/pending/discord_utils-1.zip: 46%
2023-07-21T15:36:47.540Z [Modules] Streaming discord_utils@1 to /home/zero/.config/discord/0.0.28/modules/pending/discord_utils-1.zip: 47%
2023-07-21T15:36:47.584Z [Modules] Streaming discord_utils@1 to /home/zero/.config/discord/0.0.28/modules/pending/discord_utils-1.zip: 48%
2023-07-21T15:36:47.634Z [Modules] Streaming discord_utils@1 to /home/zero/.config/discord/0.0.28/modules/pending/discord_utils-1.zip: 49%
2023-07-21T15:36:47.658Z [Modules] Streaming discord_utils@1 to /home/zero/.config/discord/0.0.28/modules/pending/discord_utils-1.zip: 50%
2023-07-21T15:36:47.704Z [Modules] Streaming discord_utils@1 to /home/zero/.config/discord/0.0.28/modules/pending/discord_utils-1.zip: 51%
2023-07-21T15:36:47.747Z [Modules] Streaming discord_utils@1 to /home/zero/.config/discord/0.0.28/modules/pending/discord_utils-1.zip: 52%
2023-07-21T15:36:47.796Z [Modules] Streaming discord_utils@1 to /home/zero/.config/discord/0.0.28/modules/pending/discord_utils-1.zip: 53%
2023-07-21T15:36:47.842Z [Modules] Streaming discord_utils@1 to /home/zero/.config/discord/0.0.28/modules/pending/discord_utils-1.zip: 54%
2023-07-21T15:36:47.892Z [Modules] Streaming discord_utils@1 to /home/zero/.config/discord/0.0.28/modules/pending/discord_utils-1.zip: 55%
2023-07-21T15:36:47.910Z [Modules] Streaming discord_utils@1 to /home/zero/.config/discord/0.0.28/modules/pending/discord_utils-1.zip: 56%
2023-07-21T15:36:47.959Z [Modules] Streaming discord_utils@1 to /home/zero/.config/discord/0.0.28/modules/pending/discord_utils-1.zip: 57%
2023-07-21T15:36:48.003Z [Modules] Streaming discord_utils@1 to /home/zero/.config/discord/0.0.28/modules/pending/discord_utils-1.zip: 58%
2023-07-21T15:36:48.052Z [Modules] Streaming discord_utils@1 to /home/zero/.config/discord/0.0.28/modules/pending/discord_utils-1.zip: 59%
2023-07-21T15:36:48.097Z [Modules] Streaming discord_utils@1 to /home/zero/.config/discord/0.0.28/modules/pending/discord_utils-1.zip: 60%
2023-07-21T15:36:48.141Z [Modules] Streaming discord_utils@1 to /home/zero/.config/discord/0.0.28/modules/pending/discord_utils-1.zip: 61%
2023-07-21T15:36:48.166Z [Modules] Streaming discord_utils@1 to /home/zero/.config/discord/0.0.28/modules/pending/discord_utils-1.zip: 62%
2023-07-21T15:36:48.217Z [Modules] Streaming discord_utils@1 to /home/zero/.config/discord/0.0.28/modules/pending/discord_utils-1.zip: 63%
2023-07-21T15:36:48.323Z [Modules] Streaming discord_utils@1 to /home/zero/.config/discord/0.0.28/modules/pending/discord_utils-1.zip: 65%
2023-07-21T15:36:48.361Z [Modules] Streaming discord_utils@1 to /home/zero/.config/discord/0.0.28/modules/pending/discord_utils-1.zip: 66%
2023-07-21T15:36:48.409Z [Modules] Streaming discord_utils@1 to /home/zero/.config/discord/0.0.28/modules/pending/discord_utils-1.zip: 67%
2023-07-21T15:36:48.430Z [Modules] Streaming discord_utils@1 to /home/zero/.config/discord/0.0.28/modules/pending/discord_utils-1.zip: 68%
2023-07-21T15:36:48.479Z [Modules] Streaming discord_utils@1 to /home/zero/.config/discord/0.0.28/modules/pending/discord_utils-1.zip: 69%
2023-07-21T15:36:48.534Z [Modules] Streaming discord_utils@1 to /home/zero/.config/discord/0.0.28/modules/pending/discord_utils-1.zip: 70%
2023-07-21T15:36:48.571Z [Modules] Streaming discord_utils@1 to /home/zero/.config/discord/0.0.28/modules/pending/discord_utils-1.zip: 71%
2023-07-21T15:36:48.688Z [Modules] Streaming discord_utils@1 to /home/zero/.config/discord/0.0.28/modules/pending/discord_utils-1.zip: 74%
2023-07-21T15:36:48.737Z [Modules] Streaming discord_utils@1 to /home/zero/.config/discord/0.0.28/modules/pending/discord_utils-1.zip: 75%
2023-07-21T15:36:48.781Z [Modules] Streaming discord_utils@1 to /home/zero/.config/discord/0.0.28/modules/pending/discord_utils-1.zip: 76%
2023-07-21T15:36:48.892Z [Modules] Streaming discord_utils@1 to /home/zero/.config/discord/0.0.28/modules/pending/discord_utils-1.zip: 78%
2023-07-21T15:36:48.990Z [Modules] Streaming discord_utils@1 to /home/zero/.config/discord/0.0.28/modules/pending/discord_utils-1.zip: 80%
2023-07-21T15:36:49.001Z [Modules] Streaming discord_utils@1 to /home/zero/.config/discord/0.0.28/modules/pending/discord_utils-1.zip: 81%
2023-07-21T15:36:49.048Z [Modules] Streaming discord_utils@1 to /home/zero/.config/discord/0.0.28/modules/pending/discord_utils-1.zip: 82%
2023-07-21T15:36:49.098Z [Modules] Streaming discord_utils@1 to /home/zero/.config/discord/0.0.28/modules/pending/discord_utils-1.zip: 83%
2023-07-21T15:36:49.141Z [Modules] Streaming discord_utils@1 to /home/zero/.config/discord/0.0.28/modules/pending/discord_utils-1.zip: 84%
2023-07-21T15:36:49.190Z [Modules] Streaming discord_utils@1 to /home/zero/.config/discord/0.0.28/modules/pending/discord_utils-1.zip: 85%
2023-07-21T15:36:49.234Z [Modules] Streaming discord_utils@1 to /home/zero/.config/discord/0.0.28/modules/pending/discord_utils-1.zip: 86%
2023-07-21T15:36:49.259Z [Modules] Streaming discord_utils@1 to /home/zero/.config/discord/0.0.28/modules/pending/discord_utils-1.zip: 87%
2023-07-21T15:36:49.305Z [Modules] Streaming discord_utils@1 to /home/zero/.config/discord/0.0.28/modules/pending/discord_utils-1.zip: 88%
2023-07-21T15:36:49.349Z [Modules] Streaming discord_utils@1 to /home/zero/.config/discord/0.0.28/modules/pending/discord_utils-1.zip: 89%
2023-07-21T15:36:49.398Z [Modules] Streaming discord_utils@1 to /home/zero/.config/discord/0.0.28/modules/pending/discord_utils-1.zip: 90%
2023-07-21T15:36:49.442Z [Modules] Streaming discord_utils@1 to /home/zero/.config/discord/0.0.28/modules/pending/discord_utils-1.zip: 91%
2023-07-21T15:36:49.491Z [Modules] Streaming discord_utils@1 to /home/zero/.config/discord/0.0.28/modules/pending/discord_utils-1.zip: 92%
2023-07-21T15:36:49.511Z [Modules] Streaming discord_utils@1 to /home/zero/.config/discord/0.0.28/modules/pending/discord_utils-1.zip: 93%
2023-07-21T15:36:49.560Z [Modules] Streaming discord_utils@1 to /home/zero/.config/discord/0.0.28/modules/pending/discord_utils-1.zip: 94%
2023-07-21T15:36:49.604Z [Modules] Streaming discord_utils@1 to /home/zero/.config/discord/0.0.28/modules/pending/discord_utils-1.zip: 95%
2023-07-21T15:36:49.653Z [Modules] Streaming discord_utils@1 to /home/zero/.config/discord/0.0.28/modules/pending/discord_utils-1.zip: 96%
2023-07-21T15:36:49.698Z [Modules] Streaming discord_utils@1 to /home/zero/.config/discord/0.0.28/modules/pending/discord_utils-1.zip: 97%
2023-07-21T15:36:49.743Z [Modules] Streaming discord_utils@1 to /home/zero/.config/discord/0.0.28/modules/pending/discord_utils-1.zip: 98%
2023-07-21T15:36:49.767Z [Modules] Streaming discord_utils@1 to /home/zero/.config/discord/0.0.28/modules/pending/discord_utils-1.zip: 99%
2023-07-21T15:36:49.806Z [Modules] Streaming discord_utils@1 to /home/zero/.config/discord/0.0.28/modules/pending/discord_utils-1.zip: 100%
2023-07-21T15:36:49.807Z [Modules] Fetching discord_voice@1 from https://discord.com/api/modules/stable/discord_voice/1
2023-07-21T15:36:49.808Z [Modules] Streaming discord_voice@1 to /home/zero/.config/discord/0.0.28/modules/pending/discord_voice-1.zip
2023-07-21T15:36:50.615Z [Modules] Streaming discord_voice@1 to /home/zero/.config/discord/0.0.28/modules/pending/discord_voice-1.zip: 1%
2023-07-21T15:36:50.912Z [Modules] Streaming discord_voice@1 to /home/zero/.config/discord/0.0.28/modules/pending/discord_voice-1.zip: 2%
2023-07-21T15:36:51.450Z [Modules] Streaming discord_voice@1 to /home/zero/.config/discord/0.0.28/modules/pending/discord_voice-1.zip: 3%
2023-07-21T15:36:51.754Z [Modules] Streaming discord_voice@1 to /home/zero/.config/discord/0.0.28/modules/pending/discord_voice-1.zip: 4%
2023-07-21T15:36:52.032Z [Modules] Streaming discord_voice@1 to /home/zero/.config/discord/0.0.28/modules/pending/discord_voice-1.zip: 5%
2023-07-21T15:36:52.276Z [Modules] Streaming discord_voice@1 to /home/zero/.config/discord/0.0.28/modules/pending/discord_voice-1.zip: 6%
2023-07-21T15:36:52.440Z [Modules] Streaming discord_voice@1 to /home/zero/.config/discord/0.0.28/modules/pending/discord_voice-1.zip: 7%
2023-07-21T15:36:52.564Z [Modules] Streaming discord_voice@1 to /home/zero/.config/discord/0.0.28/modules/pending/discord_voice-1.zip: 8%
2023-07-21T15:36:52.659Z [Modules] Streaming discord_voice@1 to /home/zero/.config/discord/0.0.28/modules/pending/discord_voice-1.zip: 9%
2023-07-21T15:36:52.743Z [Modules] Streaming discord_voice@1 to /home/zero/.config/discord/0.0.28/modules/pending/discord_voice-1.zip: 10%
2023-07-21T15:36:53.258Z [Modules] Streaming discord_voice@1 to /home/zero/.config/discord/0.0.28/modules/pending/discord_voice-1.zip: 11%
2023-07-21T15:36:53.452Z [Modules] Streaming discord_voice@1 to /home/zero/.config/discord/0.0.28/modules/pending/discord_voice-1.zip: 12%
2023-07-21T15:36:53.632Z [Modules] Streaming discord_voice@1 to /home/zero/.config/discord/0.0.28/modules/pending/discord_voice-1.zip: 13%
2023-07-21T15:36:53.891Z [Modules] Streaming discord_voice@1 to /home/zero/.config/discord/0.0.28/modules/pending/discord_voice-1.zip: 14%
2023-07-21T15:36:54.198Z [Modules] Streaming discord_voice@1 to /home/zero/.config/discord/0.0.28/modules/pending/discord_voice-1.zip: 15%
2023-07-21T15:36:54.498Z [Modules] Streaming discord_voice@1 to /home/zero/.config/discord/0.0.28/modules/pending/discord_voice-1.zip: 16%
2023-07-21T15:36:54.773Z [Modules] Streaming discord_voice@1 to /home/zero/.config/discord/0.0.28/modules/pending/discord_voice-1.zip: 17%
2023-07-21T15:36:55.071Z [Modules] Streaming discord_voice@1 to /home/zero/.config/discord/0.0.28/modules/pending/discord_voice-1.zip: 18%
2023-07-21T15:36:55.849Z [Modules] Streaming discord_voice@1 to /home/zero/.config/discord/0.0.28/modules/pending/discord_voice-1.zip: 19%
2023-07-21T15:36:55.874Z [Modules] Streaming discord_voice@1 to /home/zero/.config/discord/0.0.28/modules/pending/discord_voice-1.zip: 20%
2023-07-21T15:36:55.943Z [Modules] Streaming discord_voice@1 to /home/zero/.config/discord/0.0.28/modules/pending/discord_voice-1.zip: 21%
2023-07-21T15:36:56.241Z [Modules] Streaming discord_voice@1 to /home/zero/.config/discord/0.0.28/modules/pending/discord_voice-1.zip: 22%
2023-07-21T15:36:56.550Z [Modules] Streaming discord_voice@1 to /home/zero/.config/discord/0.0.28/modules/pending/discord_voice-1.zip: 23%
2023-07-21T15:36:56.842Z [Modules] Streaming discord_voice@1 to /home/zero/.config/discord/0.0.28/modules/pending/discord_voice-1.zip: 24%
2023-07-21T15:36:57.086Z [Modules] Streaming discord_voice@1 to /home/zero/.config/discord/0.0.28/modules/pending/discord_voice-1.zip: 25%
2023-07-21T15:36:57.499Z [Modules] Streaming discord_voice@1 to /home/zero/.config/discord/0.0.28/modules/pending/discord_voice-1.zip: 26%
2023-07-21T15:36:57.750Z [Modules] Streaming discord_voice@1 to /home/zero/.config/discord/0.0.28/modules/pending/discord_voice-1.zip: 27%
2023-07-21T15:36:57.967Z [Modules] Streaming discord_voice@1 to /home/zero/.config/discord/0.0.28/modules/pending/discord_voice-1.zip: 28%
2023-07-21T15:36:58.241Z [Modules] Streaming discord_voice@1 to /home/zero/.config/discord/0.0.28/modules/pending/discord_voice-1.zip: 29%
2023-07-21T15:36:58.541Z [Modules] Streaming discord_voice@1 to /home/zero/.config/discord/0.0.28/modules/pending/discord_voice-1.zip: 30%
2023-07-21T15:36:58.842Z [Modules] Streaming discord_voice@1 to /home/zero/.config/discord/0.0.28/modules/pending/discord_voice-1.zip: 31%
2023-07-21T15:36:59.139Z [Modules] Streaming discord_voice@1 to /home/zero/.config/discord/0.0.28/modules/pending/discord_voice-1.zip: 32%
2023-07-21T15:36:59.413Z [Modules] Streaming discord_voice@1 to /home/zero/.config/discord/0.0.28/modules/pending/discord_voice-1.zip: 33%
2023-07-21T15:36:59.711Z [Modules] Streaming discord_voice@1 to /home/zero/.config/discord/0.0.28/modules/pending/discord_voice-1.zip: 34%
2023-07-21T15:37:00.013Z [Modules] Streaming discord_voice@1 to /home/zero/.config/discord/0.0.28/modules/pending/discord_voice-1.zip: 35%
2023-07-21T15:37:00.311Z [Modules] Streaming discord_voice@1 to /home/zero/.config/discord/0.0.28/modules/pending/discord_voice-1.zip: 36%
2023-07-21T15:37:00.586Z [Modules] Streaming discord_voice@1 to /home/zero/.config/discord/0.0.28/modules/pending/discord_voice-1.zip: 37%
2023-07-21T15:37:00.883Z [Modules] Streaming discord_voice@1 to /home/zero/.config/discord/0.0.28/modules/pending/discord_voice-1.zip: 38%
2023-07-21T15:37:01.186Z [Modules] Streaming discord_voice@1 to /home/zero/.config/discord/0.0.28/modules/pending/discord_voice-1.zip: 39%
2023-07-21T15:37:01.500Z [Modules] Streaming discord_voice@1 to /home/zero/.config/discord/0.0.28/modules/pending/discord_voice-1.zip: 40%
2023-07-21T15:37:01.944Z [Modules] Streaming discord_voice@1 to /home/zero/.config/discord/0.0.28/modules/pending/discord_voice-1.zip: 41%
2023-07-21T15:37:02.114Z [Modules] Streaming discord_voice@1 to /home/zero/.config/discord/0.0.28/modules/pending/discord_voice-1.zip: 42%
2023-07-21T15:37:02.307Z [Modules] Streaming discord_voice@1 to /home/zero/.config/discord/0.0.28/modules/pending/discord_voice-1.zip: 43%
2023-07-21T15:37:02.614Z [Modules] Streaming discord_voice@1 to /home/zero/.config/discord/0.0.28/modules/pending/discord_voice-1.zip: 44%
2023-07-21T15:37:02.883Z [Modules] Streaming discord_voice@1 to /home/zero/.config/discord/0.0.28/modules/pending/discord_voice-1.zip: 45%
2023-07-21T15:37:03.428Z [Modules] Streaming discord_voice@1 to /home/zero/.config/discord/0.0.28/modules/pending/discord_voice-1.zip: 46%
2023-07-21T15:37:03.725Z [Modules] Streaming discord_voice@1 to /home/zero/.config/discord/0.0.28/modules/pending/discord_voice-1.zip: 47%
2023-07-21T15:37:04.030Z [Modules] Streaming discord_voice@1 to /home/zero/.config/discord/0.0.28/modules/pending/discord_voice-1.zip: 48%
2023-07-21T15:37:04.308Z [Modules] Streaming discord_voice@1 to /home/zero/.config/discord/0.0.28/modules/pending/discord_voice-1.zip: 49%
2023-07-21T15:37:04.607Z [Modules] Streaming discord_voice@1 to /home/zero/.config/discord/0.0.28/modules/pending/discord_voice-1.zip: 50%
2023-07-21T15:37:04.905Z [Modules] Streaming discord_voice@1 to /home/zero/.config/discord/0.0.28/modules/pending/discord_voice-1.zip: 51%
2023-07-21T15:37:05.204Z [Modules] Streaming discord_voice@1 to /home/zero/.config/discord/0.0.28/modules/pending/discord_voice-1.zip: 52%
2023-07-21T15:37:05.483Z [Modules] Streaming discord_voice@1 to /home/zero/.config/discord/0.0.28/modules/pending/discord_voice-1.zip: 53%
2023-07-21T15:37:05.782Z [Modules] Streaming discord_voice@1 to /home/zero/.config/discord/0.0.28/modules/pending/discord_voice-1.zip: 54%
2023-07-21T15:37:06.001Z [Modules] Streaming discord_voice@1 to /home/zero/.config/discord/0.0.28/modules/pending/discord_voice-1.zip: 55%
2023-07-21T15:37:06.307Z [Modules] Streaming discord_voice@1 to /home/zero/.config/discord/0.0.28/modules/pending/discord_voice-1.zip: 56%
2023-07-21T15:37:06.716Z [Modules] Streaming discord_voice@1 to /home/zero/.config/discord/0.0.28/modules/pending/discord_voice-1.zip: 57%
2023-07-21T15:37:06.899Z [Modules] Streaming discord_voice@1 to /home/zero/.config/discord/0.0.28/modules/pending/discord_voice-1.zip: 58%
2023-07-21T15:37:07.147Z [Modules] Streaming discord_voice@1 to /home/zero/.config/discord/0.0.28/modules/pending/discord_voice-1.zip: 59%
2023-07-21T15:37:07.787Z [Modules] Streaming discord_voice@1 to /home/zero/.config/discord/0.0.28/modules/pending/discord_voice-1.zip: 60%
2023-07-21T15:37:08.028Z [Modules] Streaming discord_voice@1 to /home/zero/.config/discord/0.0.28/modules/pending/discord_voice-1.zip: 61%
2023-07-21T15:37:08.367Z [Modules] Streaming discord_voice@1 to /home/zero/.config/discord/0.0.28/modules/pending/discord_voice-1.zip: 62%
2023-07-21T15:37:08.705Z [Modules] Streaming discord_voice@1 to /home/zero/.config/discord/0.0.28/modules/pending/discord_voice-1.zip: 63%
2023-07-21T15:37:09.046Z [Modules] Streaming discord_voice@1 to /home/zero/.config/discord/0.0.28/modules/pending/discord_voice-1.zip: 64%
2023-07-21T15:37:09.361Z [Modules] Streaming discord_voice@1 to /home/zero/.config/discord/0.0.28/modules/pending/discord_voice-1.zip: 65%
2023-07-21T15:37:09.700Z [Modules] Streaming discord_voice@1 to /home/zero/.config/discord/0.0.28/modules/pending/discord_voice-1.zip: 66%
2023-07-21T15:37:10.039Z [Modules] Streaming discord_voice@1 to /home/zero/.config/discord/0.0.28/modules/pending/discord_voice-1.zip: 67%
2023-07-21T15:37:10.401Z [Modules] Streaming discord_voice@1 to /home/zero/.config/discord/0.0.28/modules/pending/discord_voice-1.zip: 68%
2023-07-21T15:37:10.649Z [Modules] Streaming discord_voice@1 to /home/zero/.config/discord/0.0.28/modules/pending/discord_voice-1.zip: 69%
2023-07-21T15:37:10.916Z [Modules] Streaming discord_voice@1 to /home/zero/.config/discord/0.0.28/modules/pending/discord_voice-1.zip: 70%
2023-07-21T15:37:11.103Z [Modules] Streaming discord_voice@1 to /home/zero/.config/discord/0.0.28/modules/pending/discord_voice-1.zip: 71%
2023-07-21T15:37:11.349Z [Modules] Streaming discord_voice@1 to /home/zero/.config/discord/0.0.28/modules/pending/discord_voice-1.zip: 72%
2023-07-21T15:37:11.883Z [Modules] Streaming discord_voice@1 to /home/zero/.config/discord/0.0.28/modules/pending/discord_voice-1.zip: 73%
2023-07-21T15:37:11.918Z [Modules] Streaming discord_voice@1 to /home/zero/.config/discord/0.0.28/modules/pending/discord_voice-1.zip: 74%
2023-07-21T15:37:12.226Z [Modules] Streaming discord_voice@1 to /home/zero/.config/discord/0.0.28/modules/pending/discord_voice-1.zip: 75%
2023-07-21T15:37:12.536Z [Modules] Streaming discord_voice@1 to /home/zero/.config/discord/0.0.28/modules/pending/discord_voice-1.zip: 76%
2023-07-21T15:37:12.818Z [Modules] Streaming discord_voice@1 to /home/zero/.config/discord/0.0.28/modules/pending/discord_voice-1.zip: 77%
2023-07-21T15:37:13.166Z [Modules] Streaming discord_voice@1 to /home/zero/.config/discord/0.0.28/modules/pending/discord_voice-1.zip: 78%
2023-07-21T15:37:13.470Z [Modules] Streaming discord_voice@1 to /home/zero/.config/discord/0.0.28/modules/pending/discord_voice-1.zip: 79%
2023-07-21T15:37:13.777Z [Modules] Streaming discord_voice@1 to /home/zero/.config/discord/0.0.28/modules/pending/discord_voice-1.zip: 80%
2023-07-21T15:37:14.059Z [Modules] Streaming discord_voice@1 to /home/zero/.config/discord/0.0.28/modules/pending/discord_voice-1.zip: 81%
2023-07-21T15:37:14.365Z [Modules] Streaming discord_voice@1 to /home/zero/.config/discord/0.0.28/modules/pending/discord_voice-1.zip: 82%
2023-07-21T15:37:14.678Z [Modules] Streaming discord_voice@1 to /home/zero/.config/discord/0.0.28/modules/pending/discord_voice-1.zip: 83%
2023-07-21T15:37:14.983Z [Modules] Streaming discord_voice@1 to /home/zero/.config/discord/0.0.28/modules/pending/discord_voice-1.zip: 84%
2023-07-21T15:37:15.265Z [Modules] Streaming discord_voice@1 to /home/zero/.config/discord/0.0.28/modules/pending/discord_voice-1.zip: 85%
2023-07-21T15:37:15.576Z [Modules] Streaming discord_voice@1 to /home/zero/.config/discord/0.0.28/modules/pending/discord_voice-1.zip: 86%
2023-07-21T15:37:15.841Z [Modules] Streaming discord_voice@1 to /home/zero/.config/discord/0.0.28/modules/pending/discord_voice-1.zip: 87%
2023-07-21T15:37:16.539Z [Modules] Streaming discord_voice@1 to /home/zero/.config/discord/0.0.28/modules/pending/discord_voice-1.zip: 88%
2023-07-21T15:37:16.675Z [Modules] Streaming discord_voice@1 to /home/zero/.config/discord/0.0.28/modules/pending/discord_voice-1.zip: 89%
2023-07-21T15:37:16.880Z [Modules] Streaming discord_voice@1 to /home/zero/.config/discord/0.0.28/modules/pending/discord_voice-1.zip: 90%
2023-07-21T15:37:17.220Z [Modules] Streaming discord_voice@1 to /home/zero/.config/discord/0.0.28/modules/pending/discord_voice-1.zip: 91%
2023-07-21T15:37:17.475Z [Modules] Streaming discord_voice@1 to /home/zero/.config/discord/0.0.28/modules/pending/discord_voice-1.zip: 92%
2023-07-21T15:37:18.123Z [Modules] Streaming discord_voice@1 to /home/zero/.config/discord/0.0.28/modules/pending/discord_voice-1.zip: 93%
2023-07-21T15:37:18.171Z [Modules] Streaming discord_voice@1 to /home/zero/.config/discord/0.0.28/modules/pending/discord_voice-1.zip: 94%
2023-07-21T15:37:18.352Z [Modules] Streaming discord_voice@1 to /home/zero/.config/discord/0.0.28/modules/pending/discord_voice-1.zip: 95%
2023-07-21T15:37:18.848Z [Modules] Streaming discord_voice@1 to /home/zero/.config/discord/0.0.28/modules/pending/discord_voice-1.zip: 96%
2023-07-21T15:37:19.315Z [Modules] Streaming discord_voice@1 to /home/zero/.config/discord/0.0.28/modules/pending/discord_voice-1.zip: 97%
2023-07-21T15:37:19.514Z [Modules] Streaming discord_voice@1 to /home/zero/.config/discord/0.0.28/modules/pending/discord_voice-1.zip: 98%
2023-07-21T15:37:19.819Z [Modules] Streaming discord_voice@1 to /home/zero/.config/discord/0.0.28/modules/pending/discord_voice-1.zip: 99%
2023-07-21T15:37:20.145Z [Modules] Streaming discord_voice@1 to /home/zero/.config/discord/0.0.28/modules/pending/discord_voice-1.zip: 100%
2023-07-21T15:37:20.149Z [Modules] Finished module downloads. [success: 5] [failure: 0]
2023-07-21T15:37:20.149Z [Modules] Installing updates...
2023-07-21T15:37:20.150Z [Modules] Installing discord_desktop_core@1 from /home/zero/.config/discord/0.0.28/modules/pending/discord_desktop_core-1.zip
2023-07-21T15:37:20.243Z [Modules] Installing discord_erlpack@1 from /home/zero/.config/discord/0.0.28/modules/pending/discord_erlpack-1.zip
2023-07-21T15:37:20.291Z [Modules] Installing discord_spellcheck@1 from /home/zero/.config/discord/0.0.28/modules/pending/discord_spellcheck-1.zip
2023-07-21T15:37:20.811Z [Modules] Installing discord_utils@1 from /home/zero/.config/discord/0.0.28/modules/pending/discord_utils-1.zip
2023-07-21T15:37:21.105Z [Modules] Installing discord_voice@1 from /home/zero/.config/discord/0.0.28/modules/pending/discord_voice-1.zip
2023-07-21T15:37:21.706Z [Modules] Finished module installations. [success: 5] [failure: 0]
2023-07-21T15:37:21.706Z [Modules] Checking for host updates.
2023-07-21T15:37:22.183Z [Modules] Host is up to date.
2023-07-21T15:37:22.183Z [Modules] Checking for module updates at https://discord.com/api/modules/stable/versions.json
2023-07-21T15:37:22.190Z [Modules] No module updates available.
2023-07-21T15:37:28.812Z [Modules] Starting to install discord_krisp...
2023-07-21T15:37:28.813Z [Modules] Fetching discord_krisp@1 from https://discord.com/api/modules/stable/discord_krisp/1
2023-07-21T15:37:28.813Z [Modules] Streaming discord_krisp@1 to /home/zero/.config/discord/0.0.28/modules/pending/discord_krisp-1.zip
2023-07-21T15:37:28.830Z [Modules] Starting to install discord_game_utils...
2023-07-21T15:37:29.988Z [Modules] Streaming discord_krisp@1 to /home/zero/.config/discord/0.0.28/modules/pending/discord_krisp-1.zip: 1%
2023-07-21T15:37:30.373Z [Modules] Streaming discord_krisp@1 to /home/zero/.config/discord/0.0.28/modules/pending/discord_krisp-1.zip: 2%
2023-07-21T15:37:30.754Z [Modules] Streaming discord_krisp@1 to /home/zero/.config/discord/0.0.28/modules/pending/discord_krisp-1.zip: 3%
2023-07-21T15:37:31.143Z [Modules] Streaming discord_krisp@1 to /home/zero/.config/discord/0.0.28/modules/pending/discord_krisp-1.zip: 4%
2023-07-21T15:37:31.495Z [Modules] Streaming discord_krisp@1 to /home/zero/.config/discord/0.0.28/modules/pending/discord_krisp-1.zip: 5%
2023-07-21T15:37:31.855Z [Modules] Streaming discord_krisp@1 to /home/zero/.config/discord/0.0.28/modules/pending/discord_krisp-1.zip: 6%
2023-07-21T15:37:32.337Z [Modules] Streaming discord_krisp@1 to /home/zero/.config/discord/0.0.28/modules/pending/discord_krisp-1.zip: 7%
2023-07-21T15:37:32.518Z [Modules] Streaming discord_krisp@1 to /home/zero/.config/discord/0.0.28/modules/pending/discord_krisp-1.zip: 8%
2023-07-21T15:37:32.860Z [Modules] Streaming discord_krisp@1 to /home/zero/.config/discord/0.0.28/modules/pending/discord_krisp-1.zip: 9%
2023-07-21T15:37:33.229Z [Modules] Streaming discord_krisp@1 to /home/zero/.config/discord/0.0.28/modules/pending/discord_krisp-1.zip: 10%
2023-07-21T15:37:33.549Z [Modules] Streaming discord_krisp@1 to /home/zero/.config/discord/0.0.28/modules/pending/discord_krisp-1.zip: 11%
2023-07-21T15:37:33.811Z [Modules] Streaming discord_krisp@1 to /home/zero/.config/discord/0.0.28/modules/pending/discord_krisp-1.zip: 12%
2023-07-21T15:37:34.252Z [Modules] Streaming discord_krisp@1 to /home/zero/.config/discord/0.0.28/modules/pending/discord_krisp-1.zip: 13%
2023-07-21T15:37:34.534Z [Modules] Streaming discord_krisp@1 to /home/zero/.config/discord/0.0.28/modules/pending/discord_krisp-1.zip: 14%
2023-07-21T15:37:34.859Z [Modules] Streaming discord_krisp@1 to /home/zero/.config/discord/0.0.28/modules/pending/discord_krisp-1.zip: 15%
2023-07-21T15:37:35.222Z [Modules] Streaming discord_krisp@1 to /home/zero/.config/discord/0.0.28/modules/pending/discord_krisp-1.zip: 16%
2023-07-21T15:37:35.467Z [Modules] Streaming discord_krisp@1 to /home/zero/.config/discord/0.0.28/modules/pending/discord_krisp-1.zip: 17%
2023-07-21T15:37:35.840Z [Modules] Streaming discord_krisp@1 to /home/zero/.config/discord/0.0.28/modules/pending/discord_krisp-1.zip: 18%
2023-07-21T15:37:36.282Z [Modules] Streaming discord_krisp@1 to /home/zero/.config/discord/0.0.28/modules/pending/discord_krisp-1.zip: 19%
2023-07-21T15:37:36.491Z [Modules] Streaming discord_krisp@1 to /home/zero/.config/discord/0.0.28/modules/pending/discord_krisp-1.zip: 20%
2023-07-21T15:37:36.801Z [Modules] Streaming discord_krisp@1 to /home/zero/.config/discord/0.0.28/modules/pending/discord_krisp-1.zip: 21%
2023-07-21T15:37:37.064Z [Modules] Streaming discord_krisp@1 to /home/zero/.config/discord/0.0.28/modules/pending/discord_krisp-1.zip: 22%
2023-07-21T15:37:37.416Z [Modules] Streaming discord_krisp@1 to /home/zero/.config/discord/0.0.28/modules/pending/discord_krisp-1.zip: 23%
2023-07-21T15:37:37.793Z [Modules] Streaming discord_krisp@1 to /home/zero/.config/discord/0.0.28/modules/pending/discord_krisp-1.zip: 24%
2023-07-21T15:37:38.030Z [Modules] Streaming discord_krisp@1 to /home/zero/.config/discord/0.0.28/modules/pending/discord_krisp-1.zip: 25%
2023-07-21T15:37:38.389Z [Modules] Streaming discord_krisp@1 to /home/zero/.config/discord/0.0.28/modules/pending/discord_krisp-1.zip: 26%
2023-07-21T15:37:38.766Z [Modules] Streaming discord_krisp@1 to /home/zero/.config/discord/0.0.28/modules/pending/discord_krisp-1.zip: 27%
2023-07-21T15:37:38.985Z [Modules] Streaming discord_krisp@1 to /home/zero/.config/discord/0.0.28/modules/pending/discord_krisp-1.zip: 28%
2023-07-21T15:37:39.345Z [Modules] Streaming discord_krisp@1 to /home/zero/.config/discord/0.0.28/modules/pending/discord_krisp-1.zip: 29%
2023-07-21T15:37:39.685Z [Modules] Streaming discord_krisp@1 to /home/zero/.config/discord/0.0.28/modules/pending/discord_krisp-1.zip: 30%
2023-07-21T15:37:39.982Z [Modules] Streaming discord_krisp@1 to /home/zero/.config/discord/0.0.28/modules/pending/discord_krisp-1.zip: 31%
2023-07-21T15:37:40.491Z [Modules] Streaming discord_krisp@1 to /home/zero/.config/discord/0.0.28/modules/pending/discord_krisp-1.zip: 32%
2023-07-21T15:37:40.772Z [Modules] Streaming discord_krisp@1 to /home/zero/.config/discord/0.0.28/modules/pending/discord_krisp-1.zip: 33%
2023-07-21T15:37:40.996Z [Modules] Streaming discord_krisp@1 to /home/zero/.config/discord/0.0.28/modules/pending/discord_krisp-1.zip: 34%
2023-07-21T15:37:41.222Z [Modules] Streaming discord_krisp@1 to /home/zero/.config/discord/0.0.28/modules/pending/discord_krisp-1.zip: 35%
2023-07-21T15:37:41.492Z [Modules] Streaming discord_krisp@1 to /home/zero/.config/discord/0.0.28/modules/pending/discord_krisp-1.zip: 36%
2023-07-21T15:37:42.024Z [Modules] Streaming discord_krisp@1 to /home/zero/.config/discord/0.0.28/modules/pending/discord_krisp-1.zip: 37%
2023-07-21T15:37:42.125Z [Modules] Streaming discord_krisp@1 to /home/zero/.config/discord/0.0.28/modules/pending/discord_krisp-1.zip: 38%
2023-07-21T15:37:42.449Z [Modules] Streaming discord_krisp@1 to /home/zero/.config/discord/0.0.28/modules/pending/discord_krisp-1.zip: 39%
2023-07-21T15:37:42.746Z [Modules] Streaming discord_krisp@1 to /home/zero/.config/discord/0.0.28/modules/pending/discord_krisp-1.zip: 40%
2023-07-21T15:37:43.070Z [Modules] Streaming discord_krisp@1 to /home/zero/.config/discord/0.0.28/modules/pending/discord_krisp-1.zip: 41%
2023-07-21T15:37:43.395Z [Modules] Streaming discord_krisp@1 to /home/zero/.config/discord/0.0.28/modules/pending/discord_krisp-1.zip: 42%
2023-07-21T15:37:43.710Z [Modules] Streaming discord_krisp@1 to /home/zero/.config/discord/0.0.28/modules/pending/discord_krisp-1.zip: 43%
2023-07-21T15:37:44.013Z [Modules] Streaming discord_krisp@1 to /home/zero/.config/discord/0.0.28/modules/pending/discord_krisp-1.zip: 44%
2023-07-21T15:37:44.335Z [Modules] Streaming discord_krisp@1 to /home/zero/.config/discord/0.0.28/modules/pending/discord_krisp-1.zip: 45%
2023-07-21T15:37:44.654Z [Modules] Streaming discord_krisp@1 to /home/zero/.config/discord/0.0.28/modules/pending/discord_krisp-1.zip: 46%
2023-07-21T15:37:44.978Z [Modules] Streaming discord_krisp@1 to /home/zero/.config/discord/0.0.28/modules/pending/discord_krisp-1.zip: 47%
2023-07-21T15:37:45.275Z [Modules] Streaming discord_krisp@1 to /home/zero/.config/discord/0.0.28/modules/pending/discord_krisp-1.zip: 48%
2023-07-21T15:37:45.579Z [Modules] Streaming discord_krisp@1 to /home/zero/.config/discord/0.0.28/modules/pending/discord_krisp-1.zip: 49%
2023-07-21T15:37:46.267Z [Modules] Streaming discord_krisp@1 to /home/zero/.config/discord/0.0.28/modules/pending/discord_krisp-1.zip: 50%
2023-07-21T15:37:46.360Z [Modules] Streaming discord_krisp@1 to /home/zero/.config/discord/0.0.28/modules/pending/discord_krisp-1.zip: 51%
2023-07-21T15:37:46.484Z [Modules] Streaming discord_krisp@1 to /home/zero/.config/discord/0.0.28/modules/pending/discord_krisp-1.zip: 52%
2023-07-21T15:37:46.805Z [Modules] Streaming discord_krisp@1 to /home/zero/.config/discord/0.0.28/modules/pending/discord_krisp-1.zip: 53%
2023-07-21T15:37:47.126Z [Modules] Streaming discord_krisp@1 to /home/zero/.config/discord/0.0.28/modules/pending/discord_krisp-1.zip: 54%
2023-07-21T15:37:47.447Z [Modules] Streaming discord_krisp@1 to /home/zero/.config/discord/0.0.28/modules/pending/discord_krisp-1.zip: 55%
2023-07-21T15:37:47.743Z [Modules] Streaming discord_krisp@1 to /home/zero/.config/discord/0.0.28/modules/pending/discord_krisp-1.zip: 56%
2023-07-21T15:37:48.065Z [Modules] Streaming discord_krisp@1 to /home/zero/.config/discord/0.0.28/modules/pending/discord_krisp-1.zip: 57%
2023-07-21T15:37:48.382Z [Modules] Streaming discord_krisp@1 to /home/zero/.config/discord/0.0.28/modules/pending/discord_krisp-1.zip: 58%
2023-07-21T15:37:48.785Z [Modules] Streaming discord_krisp@1 to /home/zero/.config/discord/0.0.28/modules/pending/discord_krisp-1.zip: 59%
2023-07-21T15:37:49.037Z [Modules] Streaming discord_krisp@1 to /home/zero/.config/discord/0.0.28/modules/pending/discord_krisp-1.zip: 60%
2023-07-21T15:37:49.417Z [Modules] Streaming discord_krisp@1 to /home/zero/.config/discord/0.0.28/modules/pending/discord_krisp-1.zip: 61%
2023-07-21T15:37:49.778Z [Modules] Streaming discord_krisp@1 to /home/zero/.config/discord/0.0.28/modules/pending/discord_krisp-1.zip: 62%
2023-07-21T15:37:50.098Z [Modules] Streaming discord_krisp@1 to /home/zero/.config/discord/0.0.28/modules/pending/discord_krisp-1.zip: 63%
2023-07-21T15:37:50.519Z [Modules] Streaming discord_krisp@1 to /home/zero/.config/discord/0.0.28/modules/pending/discord_krisp-1.zip: 64%
2023-07-21T15:37:50.894Z [Modules] Streaming discord_krisp@1 to /home/zero/.config/discord/0.0.28/modules/pending/discord_krisp-1.zip: 65%
2023-07-21T15:37:51.111Z [Modules] Streaming discord_krisp@1 to /home/zero/.config/discord/0.0.28/modules/pending/discord_krisp-1.zip: 66%
2023-07-21T15:37:51.828Z [Modules] Streaming discord_krisp@1 to /home/zero/.config/discord/0.0.28/modules/pending/discord_krisp-1.zip: 67%
2023-07-21T15:37:51.929Z [Modules] Streaming discord_krisp@1 to /home/zero/.config/discord/0.0.28/modules/pending/discord_krisp-1.zip: 68%
2023-07-21T15:37:52.036Z [Modules] Streaming discord_krisp@1 to /home/zero/.config/discord/0.0.28/modules/pending/discord_krisp-1.zip: 69%
2023-07-21T15:37:52.329Z [Modules] Streaming discord_krisp@1 to /home/zero/.config/discord/0.0.28/modules/pending/discord_krisp-1.zip: 70%
2023-07-21T15:37:52.680Z [Modules] Streaming discord_krisp@1 to /home/zero/.config/discord/0.0.28/modules/pending/discord_krisp-1.zip: 71%
2023-07-21T15:37:52.973Z [Modules] Streaming discord_krisp@1 to /home/zero/.config/discord/0.0.28/modules/pending/discord_krisp-1.zip: 72%
2023-07-21T15:37:53.375Z [Modules] Streaming discord_krisp@1 to /home/zero/.config/discord/0.0.28/modules/pending/discord_krisp-1.zip: 73%
2023-07-21T15:37:53.650Z [Modules] Streaming discord_krisp@1 to /home/zero/.config/discord/0.0.28/modules/pending/discord_krisp-1.zip: 74%
2023-07-21T15:37:53.997Z [Modules] Streaming discord_krisp@1 to /home/zero/.config/discord/0.0.28/modules/pending/discord_krisp-1.zip: 75%
2023-07-21T15:37:54.346Z [Modules] Streaming discord_krisp@1 to /home/zero/.config/discord/0.0.28/modules/pending/discord_krisp-1.zip: 76%
2023-07-21T15:37:54.688Z [Modules] Streaming discord_krisp@1 to /home/zero/.config/discord/0.0.28/modules/pending/discord_krisp-1.zip: 77%
2023-07-21T15:37:55.155Z [Modules] Streaming discord_krisp@1 to /home/zero/.config/discord/0.0.28/modules/pending/discord_krisp-1.zip: 78%
2023-07-21T15:37:55.366Z [Modules] Streaming discord_krisp@1 to /home/zero/.config/discord/0.0.28/modules/pending/discord_krisp-1.zip: 79%
2023-07-21T15:37:55.630Z [Modules] Streaming discord_krisp@1 to /home/zero/.config/discord/0.0.28/modules/pending/discord_krisp-1.zip: 80%
2023-07-21T15:37:56.026Z [Modules] Streaming discord_krisp@1 to /home/zero/.config/discord/0.0.28/modules/pending/discord_krisp-1.zip: 81%
2023-07-21T15:37:56.361Z [Modules] Streaming discord_krisp@1 to /home/zero/.config/discord/0.0.28/modules/pending/discord_krisp-1.zip: 82%
2023-07-21T15:37:56.637Z [Modules] Streaming discord_krisp@1 to /home/zero/.config/discord/0.0.28/modules/pending/discord_krisp-1.zip: 83%
2023-07-21T15:37:57.149Z [Modules] Streaming discord_krisp@1 to /home/zero/.config/discord/0.0.28/modules/pending/discord_krisp-1.zip: 84%
2023-07-21T15:37:57.291Z [Modules] Streaming discord_krisp@1 to /home/zero/.config/discord/0.0.28/modules/pending/discord_krisp-1.zip: 85%
2023-07-21T15:37:57.704Z [Modules] Streaming discord_krisp@1 to /home/zero/.config/discord/0.0.28/modules/pending/discord_krisp-1.zip: 86%
2023-07-21T15:37:58.013Z [Modules] Streaming discord_krisp@1 to /home/zero/.config/discord/0.0.28/modules/pending/discord_krisp-1.zip: 87%
2023-07-21T15:37:58.273Z [Modules] Streaming discord_krisp@1 to /home/zero/.config/discord/0.0.28/modules/pending/discord_krisp-1.zip: 88%
2023-07-21T15:37:58.641Z [Modules] Streaming discord_krisp@1 to /home/zero/.config/discord/0.0.28/modules/pending/discord_krisp-1.zip: 89%
2023-07-21T15:37:58.974Z [Modules] Streaming discord_krisp@1 to /home/zero/.config/discord/0.0.28/modules/pending/discord_krisp-1.zip: 90%
2023-07-21T15:37:59.273Z [Modules] Streaming discord_krisp@1 to /home/zero/.config/discord/0.0.28/modules/pending/discord_krisp-1.zip: 91%
2023-07-21T15:37:59.612Z [Modules] Streaming discord_krisp@1 to /home/zero/.config/discord/0.0.28/modules/pending/discord_krisp-1.zip: 92%
2023-07-21T15:37:59.955Z [Modules] Streaming discord_krisp@1 to /home/zero/.config/discord/0.0.28/modules/pending/discord_krisp-1.zip: 93%
2023-07-21T15:38:00.262Z [Modules] Streaming discord_krisp@1 to /home/zero/.config/discord/0.0.28/modules/pending/discord_krisp-1.zip: 94%
2023-07-21T15:38:00.570Z [Modules] Streaming discord_krisp@1 to /home/zero/.config/discord/0.0.28/modules/pending/discord_krisp-1.zip: 95%
2023-07-21T15:38:00.890Z [Modules] Streaming discord_krisp@1 to /home/zero/.config/discord/0.0.28/modules/pending/discord_krisp-1.zip: 96%
2023-07-21T15:38:01.175Z [Modules] Streaming discord_krisp@1 to /home/zero/.config/discord/0.0.28/modules/pending/discord_krisp-1.zip: 97%
2023-07-21T15:38:01.552Z [Modules] Streaming discord_krisp@1 to /home/zero/.config/discord/0.0.28/modules/pending/discord_krisp-1.zip: 98%
2023-07-21T15:38:01.808Z [Modules] Streaming discord_krisp@1 to /home/zero/.config/discord/0.0.28/modules/pending/discord_krisp-1.zip: 99%
2023-07-21T15:38:02.181Z [Modules] Streaming discord_krisp@1 to /home/zero/.config/discord/0.0.28/modules/pending/discord_krisp-1.zip: 100%
2023-07-21T15:38:02.185Z [Modules] Fetching discord_game_utils@1 from https://discord.com/api/modules/stable/discord_game_utils/1
2023-07-21T15:38:02.186Z [Modules] Streaming discord_game_utils@1 to /home/zero/.config/discord/0.0.28/modules/pending/discord_game_utils-1.zip
2023-07-21T15:38:02.186Z [Modules] Installing discord_krisp@1 from /home/zero/.config/discord/0.0.28/modules/pending/discord_krisp-1.zip
2023-07-21T15:38:02.538Z [Modules] Finished module installations. [success: 1] [failure: 0]
2023-07-21T15:38:02.870Z [Modules] Streaming discord_game_utils@1 to /home/zero/.config/discord/0.0.28/modules/pending/discord_game_utils-1.zip: 1%
2023-07-21T15:38:02.910Z [Modules] Streaming discord_game_utils@1 to /home/zero/.config/discord/0.0.28/modules/pending/discord_game_utils-1.zip: 2%
2023-07-21T15:38:02.924Z [Modules] Streaming discord_game_utils@1 to /home/zero/.config/discord/0.0.28/modules/pending/discord_game_utils-1.zip: 3%
2023-07-21T15:38:02.956Z [Modules] Streaming discord_game_utils@1 to /home/zero/.config/discord/0.0.28/modules/pending/discord_game_utils-1.zip: 4%
2023-07-21T15:38:02.974Z [Modules] Streaming discord_game_utils@1 to /home/zero/.config/discord/0.0.28/modules/pending/discord_game_utils-1.zip: 5%
2023-07-21T15:38:03.005Z [Modules] Streaming discord_game_utils@1 to /home/zero/.config/discord/0.0.28/modules/pending/discord_game_utils-1.zip: 6%
2023-07-21T15:38:03.019Z [Modules] Streaming discord_game_utils@1 to /home/zero/.config/discord/0.0.28/modules/pending/discord_game_utils-1.zip: 7%
2023-07-21T15:38:03.045Z [Modules] Streaming discord_game_utils@1 to /home/zero/.config/discord/0.0.28/modules/pending/discord_game_utils-1.zip: 8%
2023-07-21T15:38:03.059Z [Modules] Streaming discord_game_utils@1 to /home/zero/.config/discord/0.0.28/modules/pending/discord_game_utils-1.zip: 9%
2023-07-21T15:38:03.093Z [Modules] Streaming discord_game_utils@1 to /home/zero/.config/discord/0.0.28/modules/pending/discord_game_utils-1.zip: 10%
2023-07-21T15:38:03.104Z [Modules] Streaming discord_game_utils@1 to /home/zero/.config/discord/0.0.28/modules/pending/discord_game_utils-1.zip: 11%
2023-07-21T15:38:03.123Z [Modules] Streaming discord_game_utils@1 to /home/zero/.config/discord/0.0.28/modules/pending/discord_game_utils-1.zip: 12%
2023-07-21T15:38:03.133Z [Modules] Streaming discord_game_utils@1 to /home/zero/.config/discord/0.0.28/modules/pending/discord_game_utils-1.zip: 13%
2023-07-21T15:38:03.158Z [Modules] Streaming discord_game_utils@1 to /home/zero/.config/discord/0.0.28/modules/pending/discord_game_utils-1.zip: 14%
2023-07-21T15:38:03.166Z [Modules] Streaming discord_game_utils@1 to /home/zero/.config/discord/0.0.28/modules/pending/discord_game_utils-1.zip: 15%
2023-07-21T15:38:03.187Z [Modules] Streaming discord_game_utils@1 to /home/zero/.config/discord/0.0.28/modules/pending/discord_game_utils-1.zip: 16%
2023-07-21T15:38:03.198Z [Modules] Streaming discord_game_utils@1 to /home/zero/.config/discord/0.0.28/modules/pending/discord_game_utils-1.zip: 17%
2023-07-21T15:38:03.216Z [Modules] Streaming discord_game_utils@1 to /home/zero/.config/discord/0.0.28/modules/pending/discord_game_utils-1.zip: 18%
2023-07-21T15:38:03.227Z [Modules] Streaming discord_game_utils@1 to /home/zero/.config/discord/0.0.28/modules/pending/discord_game_utils-1.zip: 19%
2023-07-21T15:38:03.256Z [Modules] Streaming discord_game_utils@1 to /home/zero/.config/discord/0.0.28/modules/pending/discord_game_utils-1.zip: 21%
2023-07-21T15:38:03.263Z [Modules] Streaming discord_game_utils@1 to /home/zero/.config/discord/0.0.28/modules/pending/discord_game_utils-1.zip: 22%
2023-07-21T15:38:03.294Z [Modules] Streaming discord_game_utils@1 to /home/zero/.config/discord/0.0.28/modules/pending/discord_game_utils-1.zip: 24%
2023-07-21T15:38:03.305Z [Modules] Streaming discord_game_utils@1 to /home/zero/.config/discord/0.0.28/modules/pending/discord_game_utils-1.zip: 25%
2023-07-21T15:38:03.317Z [Modules] Streaming discord_game_utils@1 to /home/zero/.config/discord/0.0.28/modules/pending/discord_game_utils-1.zip: 26%
2023-07-21T15:38:03.327Z [Modules] Streaming discord_game_utils@1 to /home/zero/.config/discord/0.0.28/modules/pending/discord_game_utils-1.zip: 27%
2023-07-21T15:38:03.336Z [Modules] Streaming discord_game_utils@1 to /home/zero/.config/discord/0.0.28/modules/pending/discord_game_utils-1.zip: 28%
2023-07-21T15:38:03.354Z [Modules] Streaming discord_game_utils@1 to /home/zero/.config/discord/0.0.28/modules/pending/discord_game_utils-1.zip: 29%
2023-07-21T15:38:03.357Z [Modules] Streaming discord_game_utils@1 to /home/zero/.config/discord/0.0.28/modules/pending/discord_game_utils-1.zip: 30%
2023-07-21T15:38:03.379Z [Modules] Streaming discord_game_utils@1 to /home/zero/.config/discord/0.0.28/modules/pending/discord_game_utils-1.zip: 32%
2023-07-21T15:38:03.391Z [Modules] Streaming discord_game_utils@1 to /home/zero/.config/discord/0.0.28/modules/pending/discord_game_utils-1.zip: 33%
2023-07-21T15:38:03.407Z [Modules] Streaming discord_game_utils@1 to /home/zero/.config/discord/0.0.28/modules/pending/discord_game_utils-1.zip: 34%
2023-07-21T15:38:03.419Z [Modules] Streaming discord_game_utils@1 to /home/zero/.config/discord/0.0.28/modules/pending/discord_game_utils-1.zip: 36%
2023-07-21T15:38:03.599Z [Modules] Streaming discord_game_utils@1 to /home/zero/.config/discord/0.0.28/modules/pending/discord_game_utils-1.zip: 40%
2023-07-21T15:38:04.005Z [Modules] Streaming discord_game_utils@1 to /home/zero/.config/discord/0.0.28/modules/pending/discord_game_utils-1.zip: 41%
2023-07-21T15:38:04.076Z [Modules] Streaming discord_game_utils@1 to /home/zero/.config/discord/0.0.28/modules/pending/discord_game_utils-1.zip: 45%
2023-07-21T15:38:04.085Z [Modules] Streaming discord_game_utils@1 to /home/zero/.config/discord/0.0.28/modules/pending/discord_game_utils-1.zip: 48%
2023-07-21T15:38:04.085Z [Modules] Streaming discord_game_utils@1 to /home/zero/.config/discord/0.0.28/modules/pending/discord_game_utils-1.zip: 50%
2023-07-21T15:38:04.093Z [Modules] Streaming discord_game_utils@1 to /home/zero/.config/discord/0.0.28/modules/pending/discord_game_utils-1.zip: 51%
2023-07-21T15:38:04.107Z [Modules] Streaming discord_game_utils@1 to /home/zero/.config/discord/0.0.28/modules/pending/discord_game_utils-1.zip: 52%
2023-07-21T15:38:04.130Z [Modules] Streaming discord_game_utils@1 to /home/zero/.config/discord/0.0.28/modules/pending/discord_game_utils-1.zip: 54%
2023-07-21T15:38:04.164Z [Modules] Streaming discord_game_utils@1 to /home/zero/.config/discord/0.0.28/modules/pending/discord_game_utils-1.zip: 56%
2023-07-21T15:38:04.298Z [Modules] Streaming discord_game_utils@1 to /home/zero/.config/discord/0.0.28/modules/pending/discord_game_utils-1.zip: 59%
2023-07-21T15:38:04.400Z [Modules] Streaming discord_game_utils@1 to /home/zero/.config/discord/0.0.28/modules/pending/discord_game_utils-1.zip: 60%
2023-07-21T15:38:04.462Z [Modules] Streaming discord_game_utils@1 to /home/zero/.config/discord/0.0.28/modules/pending/discord_game_utils-1.zip: 61%
2023-07-21T15:38:04.676Z [Modules] Streaming discord_game_utils@1 to /home/zero/.config/discord/0.0.28/modules/pending/discord_game_utils-1.zip: 64%
2023-07-21T15:38:04.813Z [Modules] Streaming discord_game_utils@1 to /home/zero/.config/discord/0.0.28/modules/pending/discord_game_utils-1.zip: 67%
2023-07-21T15:38:04.824Z [Modules] Streaming discord_game_utils@1 to /home/zero/.config/discord/0.0.28/modules/pending/discord_game_utils-1.zip: 70%
2023-07-21T15:38:04.825Z [Modules] Streaming discord_game_utils@1 to /home/zero/.config/discord/0.0.28/modules/pending/discord_game_utils-1.zip: 72%
2023-07-21T15:38:04.841Z [Modules] Streaming discord_game_utils@1 to /home/zero/.config/discord/0.0.28/modules/pending/discord_game_utils-1.zip: 73%
2023-07-21T15:38:04.872Z [Modules] Streaming discord_game_utils@1 to /home/zero/.config/discord/0.0.28/modules/pending/discord_game_utils-1.zip: 76%
2023-07-21T15:38:04.881Z [Modules] Streaming discord_game_utils@1 to /home/zero/.config/discord/0.0.28/modules/pending/discord_game_utils-1.zip: 77%
2023-07-21T15:38:04.899Z [Modules] Streaming discord_game_utils@1 to /home/zero/.config/discord/0.0.28/modules/pending/discord_game_utils-1.zip: 78%
2023-07-21T15:38:04.990Z [Modules] Streaming discord_game_utils@1 to /home/zero/.config/discord/0.0.28/modules/pending/discord_game_utils-1.zip: 80%
2023-07-21T15:38:05.006Z [Modules] Streaming discord_game_utils@1 to /home/zero/.config/discord/0.0.28/modules/pending/discord_game_utils-1.zip: 81%
2023-07-21T15:38:05.032Z [Modules] Streaming discord_game_utils@1 to /home/zero/.config/discord/0.0.28/modules/pending/discord_game_utils-1.zip: 82%
2023-07-21T15:38:05.083Z [Modules] Streaming discord_game_utils@1 to /home/zero/.config/discord/0.0.28/modules/pending/discord_game_utils-1.zip: 83%
2023-07-21T15:38:05.108Z [Modules] Streaming discord_game_utils@1 to /home/zero/.config/discord/0.0.28/modules/pending/discord_game_utils-1.zip: 84%
2023-07-21T15:38:05.156Z [Modules] Streaming discord_game_utils@1 to /home/zero/.config/discord/0.0.28/modules/pending/discord_game_utils-1.zip: 85%
2023-07-21T15:38:05.182Z [Modules] Streaming discord_game_utils@1 to /home/zero/.config/discord/0.0.28/modules/pending/discord_game_utils-1.zip: 86%
2023-07-21T15:38:05.225Z [Modules] Streaming discord_game_utils@1 to /home/zero/.config/discord/0.0.28/modules/pending/discord_game_utils-1.zip: 87%
2023-07-21T15:38:05.246Z [Modules] Streaming discord_game_utils@1 to /home/zero/.config/discord/0.0.28/modules/pending/discord_game_utils-1.zip: 88%
2023-07-21T15:38:05.294Z [Modules] Streaming discord_game_utils@1 to /home/zero/.config/discord/0.0.28/modules/pending/discord_game_utils-1.zip: 89%
2023-07-21T15:38:05.320Z [Modules] Streaming discord_game_utils@1 to /home/zero/.config/discord/0.0.28/modules/pending/discord_game_utils-1.zip: 90%
2023-07-21T15:38:05.364Z [Modules] Streaming discord_game_utils@1 to /home/zero/.config/discord/0.0.28/modules/pending/discord_game_utils-1.zip: 91%
2023-07-21T15:38:05.388Z [Modules] Streaming discord_game_utils@1 to /home/zero/.config/discord/0.0.28/modules/pending/discord_game_utils-1.zip: 92%
2023-07-21T15:38:05.433Z [Modules] Streaming discord_game_utils@1 to /home/zero/.config/discord/0.0.28/modules/pending/discord_game_utils-1.zip: 93%
2023-07-21T15:38:05.457Z [Modules] Streaming discord_game_utils@1 to /home/zero/.config/discord/0.0.28/modules/pending/discord_game_utils-1.zip: 94%
2023-07-21T15:38:05.502Z [Modules] Streaming discord_game_utils@1 to /home/zero/.config/discord/0.0.28/modules/pending/discord_game_utils-1.zip: 95%
2023-07-21T15:38:05.527Z [Modules] Streaming discord_game_utils@1 to /home/zero/.config/discord/0.0.28/modules/pending/discord_game_utils-1.zip: 96%
2023-07-21T15:38:05.612Z [Modules] Streaming discord_game_utils@1 to /home/zero/.config/discord/0.0.28/modules/pending/discord_game_utils-1.zip: 98%
2023-07-21T15:38:05.646Z [Modules] Streaming discord_game_utils@1 to /home/zero/.config/discord/0.0.28/modules/pending/discord_game_utils-1.zip: 99%
2023-07-21T15:38:05.661Z [Modules] Streaming discord_game_utils@1 to /home/zero/.config/discord/0.0.28/modules/pending/discord_game_utils-1.zip: 100%
2023-07-21T15:38:05.662Z [Modules] Finished module downloads. [success: 2] [failure: 0]
2023-07-21T15:38:05.663Z [Modules] Installing discord_game_utils@1 from /home/zero/.config/discord/0.0.28/modules/pending/discord_game_utils-1.zip
2023-07-21T15:38:05.721Z [Modules] Finished module installations. [success: 1] [failure: 0]
2023-07-21T15:38:51.425Z [Modules] Checking for host updates.
2023-07-21T15:38:51.694Z [Modules] Starting to install discord_rpc...
2023-07-21T15:38:51.694Z [Modules] Fetching discord_rpc@1 from https://discord.com/api/modules/stable/discord_rpc/1
2023-07-21T15:38:51.694Z [Modules] Streaming discord_rpc@1 to /home/zero/.config/discord/0.0.28/modules/pending/discord_rpc-1.zip
2023-07-21T15:38:51.854Z [Modules] Host is up to date.
2023-07-21T15:38:51.854Z [Modules] Checking for module updates at https://discord.com/api/modules/stable/versions.json
2023-07-21T15:38:51.857Z [Modules] No module updates available.
2023-07-21T15:38:52.350Z [Modules] Streaming discord_rpc@1 to /home/zero/.config/discord/0.0.28/modules/pending/discord_rpc-1.zip: 39%
2023-07-21T15:38:52.374Z [Modules] Streaming discord_rpc@1 to /home/zero/.config/discord/0.0.28/modules/pending/discord_rpc-1.zip: 76%
2023-07-21T15:38:52.385Z [Modules] Streaming discord_rpc@1 to /home/zero/.config/discord/0.0.28/modules/pending/discord_rpc-1.zip: 100%
2023-07-21T15:38:52.385Z [Modules] Finished module downloads. [success: 1] [failure: 0]
2023-07-21T15:38:52.385Z [Modules] Installing discord_rpc@1 from /home/zero/.config/discord/0.0.28/modules/pending/discord_rpc-1.zip
2023-07-21T15:38:52.398Z [Modules] Finished module installations. [success: 1] [failure: 0]
2023-07-21T15:40:51.422Z [Modules] Modules initializing
2023-07-21T15:40:51.422Z [Modules] Distribution: remote
2023-07-21T15:40:51.423Z [Modules] Host updates: enabled
2023-07-21T15:40:51.423Z [Modules] Module updates: enabled
2023-07-21T15:40:51.423Z [Modules] Module install path: /home/zero/.config/discord/0.0.28/modules
2023-07-21T15:40:51.423Z [Modules] Module installed file path: /home/zero/.config/discord/0.0.28/modules/installed.json
2023-07-21T15:40:51.423Z [Modules] Module download path: /home/zero/.config/discord/0.0.28/modules/pending
2023-07-21T15:40:51.581Z [Modules] No updates to install
2023-07-21T15:40:51.582Z [Modules] Checking for host updates.
2023-07-21T15:40:52.316Z [Modules] Host is up to date.
2023-07-21T15:40:52.317Z [Modules] Checking for module updates at https://discord.com/api/modules/stable/versions.json
2023-07-21T15:40:52.528Z [Modules] No module updates available.
2023-07-21T15:41:05.168Z [Modules] Checking for host updates.
2023-07-21T15:41:07.995Z [Modules] Host is up to date.
2023-07-21T15:41:07.995Z [Modules] Checking for module updates at https://discord.com/api/modules/stable/versions.json
2023-07-21T15:41:08.003Z [Modules] No module updates available.
